#
# A fatal error has been detected by the Java Runtime Environment:
#
#  SIGSEGV (0xb) at pc=0x00007fff925730dd, pid=10056, tid=1811
#
# JRE version: Java(TM) SE Runtime Environment (7.0_67-b01) (build 1.7.0_67-b01)
# Java VM: Java HotSpot(TM) 64-Bit Server VM (24.65-b04 mixed mode bsd-amd64 compressed oops)
# Problematic frame:
# C  [libobjc.A.dylib+0x10dd]  objc_msgSend+0x1d
#
# Failed to write core dump. Core dumps have been disabled. To enable core dumping, try "ulimit -c unlimited" before starting Java again
#
# If you would like to submit a bug report, please visit:
#   http://bugreport.sun.com/bugreport/crash.jsp
# The crash happened outside the Java Virtual Machine in native code.
# See problematic frame for where to report the bug.
#

---------------  T H R E A D  ---------------

Current thread (0x00007f9dcb09e800):  JavaThread "AppKit Thread" daemon [_thread_in_native, id=1811, stack(0x00007fff5c2d7000,0x00007fff5c357000)]

siginfo:si_signo=SIGSEGV: si_errno=0, si_code=1 (SEGV_MAPERR), si_addr=0x000007f9dca484f8

Registers:
RAX=0x0000000000000000, RBX=0x00007f9dca4a04c0, RCX=0x0000000000000000, RDX=0x00007f9dca4a04c0
RSP=0x00007fff5c3508b8, RBP=0x00007fff5c3508e0, RSI=0x00007fff9936e212, RDI=0x00007f9dca4bb660
R8 =0x0000000000000001, R9 =0x0000000000000001, R10=0x00007fff9936e212, R11=0x000007f9dca484e0
R12=0x0000000000000094, R13=0x00007f9dca56cde0, R14=0x00007f9dca4bb660, R15=0x00007fff5c350dd0
RIP=0x00007fff925730dd, EFLAGS=0x0000000000010202, ERR=0x0000000000000004
  TRAPNO=0x000000000000000e

Top of Stack: (sp=0x00007fff5c3508b8)
0x00007fff5c3508b8:   0000000156648598 00007f9dca4a04c0
0x00007fff5c3508c8:   000000015667cc60 00007f9dca56cde0
0x00007fff5c3508d8:   00007f9dca4a04c0 00007fff5c350dc0
0x00007fff5c3508e8:   00007fff98aeb3c5 0000000000000000
0x00007fff5c3508f8:   0000000000000000 407f400000000000
0x00007fff5c350908:   407f400000000000 0000000000000000
0x00007fff5c350918:   0000000000000000 407f400000000000
0x00007fff5c350928:   407f400000000000 407f400000000000
0x00007fff5c350938:   4080500000000000 401c000000000000
0x00007fff5c350948:   407f700000000000 402c000000000000
0x00007fff5c350958:   4030000000000000 401c000000000000
0x00007fff5c350968:   0000000000000000 0000000000000000
0x00007fff5c350978:   4030000000000000 00007fff9933212a
0x00007fff5c350988:   4008000000000000 00007f9dca58ff90
0x00007fff5c350998:   0000000100000000 0000000000000000
0x00007fff5c3509a8:   00007f9dca47d770 00007fff5c350b00
0x00007fff5c3509b8:   00007fff98bb12b6 00007fff5c350b00
0x00007fff5c3509c8:   00007fff98bb1da2 402c000000000000
0x00007fff5c3509d8:   4030000000000000 401c000000000000
0x00007fff5c3509e8:   407f700000000000 402c000000000000
0x00007fff5c3509f8:   4030000000000000 0000000000000000
0x00007fff5c350a08:   0000000000000000 407f400000000000
0x00007fff5c350a18:   4080500000000000 401c000000000000
0x00007fff5c350a28:   407f700000000000 00000001038c6a00
0x00007fff5c350a38:   00007f9dca553b80 00000000000000b0
0x00007fff5c350a48:   0000000000000000 000000000000053a
0x00007fff5c350a58:   00000001038c3000 00007fff5c350b00
0x00007fff5c350a68:   00007fff9b3594ff 0000000000000164
0x00007fff5c350a78:   00000001038c3000 00007fff5c350b20
0x00007fff5c350a88:   000000000000053b 00007fff5c350b8f
0x00007fff5c350a98:   0000000001000000 00007f9dca5fc080
0x00007fff5c350aa8:   00007f9dca553ad0 0000000000000005 

Instructions: (pc=0x00007fff925730dd)
0x00007fff925730bd:   00 00 00 48 85 ff 2e 74 7a 40 f6 c7 01 2e 75 7e
0x00007fff925730cd:   49 bb f8 ff ff ff ff 7f 00 00 4c 23 1f 49 89 f2
0x00007fff925730dd:   45 23 53 18 49 c1 e2 04 4d 03 53 10 49 3b 32 75
0x00007fff925730ed:   04 41 ff 62 08 49 83 3a 00 74 6a 4d 3b 53 10 74 

Register to memory mapping:

RAX=0x0000000000000000 is an unknown value
RBX=0x00007f9dca4a04c0 is an unknown value
RCX=0x0000000000000000 is an unknown value
RDX=0x00007f9dca4a04c0 is an unknown value
RSP=0x00007fff5c3508b8 is pointing into the stack for thread: 0x00007f9dcb09e800
RBP=0x00007fff5c3508e0 is pointing into the stack for thread: 0x00007f9dcb09e800
RSI=0x00007fff9936e212: -[NSTitlebarContainerView shouldRoundCorners]+0x5ce34 in /System/Library/Frameworks/AppKit.framework/Versions/C/AppKit at 0x00007fff9899d000
RDI=0x00007f9dca4bb660 is an unknown value
R8 =0x0000000000000001 is an unknown value
R9 =0x0000000000000001 is an unknown value
R10=0x00007fff9936e212: -[NSTitlebarContainerView shouldRoundCorners]+0x5ce34 in /System/Library/Frameworks/AppKit.framework/Versions/C/AppKit at 0x00007fff9899d000
R11=0x000007f9dca484e0 is an unknown value
R12=0x0000000000000094 is an unknown value
R13=0x00007f9dca56cde0 is an unknown value
R14=0x00007f9dca4bb660 is an unknown value
R15=0x00007fff5c350dd0 is pointing into the stack for thread: 0x00007f9dcb09e800


Stack: [0x00007fff5c2d7000,0x00007fff5c357000],  sp=0x00007fff5c3508b8,  free space=486k
Native frames: (J=compiled Java code, j=interpreted, Vv=VM code, C=native code)
C  [libobjc.A.dylib+0x10dd]  objc_msgSend+0x1d
C  [AppKit+0x14e3c5]  -[NSView _recursiveDisplayRectIfNeededIgnoringOpacity:isVisibleRect:rectIsVisibleRectForView:topView:]+0x740
C  [AppKit+0x14f420]  -[NSView _recursiveDisplayRectIfNeededIgnoringOpacity:isVisibleRect:rectIsVisibleRectForView:topView:]+0x179b
C  [AppKit+0x14d773]  -[NSThemeFrame _recursiveDisplayRectIfNeededIgnoringOpacity:isVisibleRect:rectIsVisibleRectForView:topView:]+0x14d
C  [AppKit+0x14a2cb]  -[NSView _displayRectIgnoringOpacity:isVisibleRect:rectIsVisibleRectForView:]+0xac9
C  [AppKit+0x128e2d]  -[NSView displayIfNeeded]+0x754
C  [AppKit+0x1461c5]  -[NSWindow displayIfNeeded]+0xe8
C  [AppKit+0x183322]  _handleWindowNeedsDisplayOrLayoutOrUpdateConstraints+0x3a8
C  [Foundation+0x66db3]  __NSFireTimer+0x5f
C  [CoreFoundation+0xb5b64]  __CFRUNLOOP_IS_CALLING_OUT_TO_A_TIMER_CALLBACK_FUNCTION__+0x14
C  [CoreFoundation+0xb57f3]  __CFRunLoopDoTimer+0x423
C  [CoreFoundation+0x128dbd]  __CFRunLoopDoTimers+0x12d
C  [CoreFoundation+0x72288]  __CFRunLoopRun+0x7e8
C  [CoreFoundation+0x71858]  CFRunLoopRunSpecific+0x128
C  [HIToolbox+0x2eaef]  RunCurrentEventLoopInMode+0xeb
C  [HIToolbox+0x2e86a]  ReceiveNextEventCommon+0x1af
C  [HIToolbox+0x2e6ab]  _BlockUntilNextEventMatchingListInModeWithFilter+0x47
C  [AppKit+0x23f81]  _DPSNextEvent+0x3c4
C  [AppKit+0x23730]  -[NSApplication nextEventMatchingMask:untilDate:inMode:dequeue:]+0xc2
C  [libosxapp.dylib+0x24e3]  -[NSApplicationAWT nextEventMatchingMask:untilDate:inMode:dequeue:]+0x7c
C  [AppKit+0x17593]  -[NSApplication run]+0x252
C  [libosxapp.dylib+0x2346]  +[NSApplicationAWT runAWTLoopWithApp:]+0x9c
C  [liblwawt.dylib+0xd889]  -[AWTStarter starter:]+0x369
C  [Foundation+0x65cdc]  __NSThreadPerformPerform+0x125
C  [CoreFoundation+0x80681]  __CFRUNLOOP_IS_CALLING_OUT_TO_A_SOURCE0_PERFORM_FUNCTION__+0x11
C  [CoreFoundation+0x7280d]  __CFRunLoopDoSources0+0x10d
C  [CoreFoundation+0x71e3f]  __CFRunLoopRun+0x39f
C  [CoreFoundation+0x71858]  CFRunLoopRunSpecific+0x128
C  [java+0x73b0]  CreateExecutionEnvironment+0x367
C  [java+0x1b5c]  JLI_Launch+0x7a0
C  [java+0x770d]  main+0x65
C  [java+0x13b4]  start+0x34


---------------  P R O C E S S  ---------------

Java Threads: ( => current thread )
  0x00007f9dcae03800 JavaThread "AWT-Shutdown" [_thread_blocked, id=68395, stack(0x0000000160b97000,0x0000000160c97000)]
  0x00007f9dcabd0000 JavaThread "Java2D Queue Flusher" daemon [_thread_blocked, id=53511, stack(0x00000001579b3000,0x0000000157ab3000)]
  0x00007f9dcab6f000 JavaThread "Java2D Disposer" daemon [_thread_blocked, id=48411, stack(0x0000000157830000,0x0000000157930000)]
=>0x00007f9dcb09e800 JavaThread "AppKit Thread" daemon [_thread_in_native, id=1811, stack(0x00007fff5c2d7000,0x00007fff5c357000)]
  0x00007f9dcb03e800 JavaThread "Service Thread" daemon [_thread_blocked, id=16643, stack(0x0000000152202000,0x0000000152302000)]
  0x00007f9dcb03e000 JavaThread "C2 CompilerThread1" daemon [_thread_blocked, id=16131, stack(0x00000001520ff000,0x00000001521ff000)]
  0x00007f9dca867000 JavaThread "C2 CompilerThread0" daemon [_thread_blocked, id=15619, stack(0x0000000151ffc000,0x00000001520fc000)]
  0x00007f9dcb01f000 JavaThread "Signal Dispatcher" daemon [_thread_blocked, id=11535, stack(0x0000000151ef9000,0x0000000151ff9000)]
  0x00007f9dca853800 JavaThread "Finalizer" daemon [_thread_blocked, id=9987, stack(0x00000001505c4000,0x00000001506c4000)]
  0x00007f9dca853000 JavaThread "Reference Handler" daemon [_thread_blocked, id=9475, stack(0x00000001504c1000,0x00000001505c1000)]
  0x00007f9dca80b000 JavaThread "main" [_thread_in_native, id=3331, stack(0x0000000104407000,0x0000000104507000)]

Other Threads:
  0x00007f9dca850000 VMThread [stack: 0x00000001503be000,0x00000001504be000] [id=8963]
  0x00007f9dcb019800 WatcherThread [stack: 0x0000000152305000,0x0000000152405000] [id=17155]

VM state:not at safepoint (normal execution)

VM Mutex/Monitor currently owned by a thread: None

Heap
 PSYoungGen      total 144896K, used 70874K [0x0000000137380000, 0x0000000140b80000, 0x000000014c900000)
  eden space 135168K, 52% used [0x0000000137380000,0x000000013b836e48,0x000000013f780000)
  from space 9728K, 5% used [0x0000000140200000,0x000000014027fc68,0x0000000140b80000)
  to   space 10240K, 0% used [0x000000013f780000,0x000000013f780000,0x0000000140180000)
 ParOldGen       total 109568K, used 91996K [0x000000010c900000, 0x0000000113400000, 0x0000000137380000)
  object space 109568K, 83% used [0x000000010c900000,0x00000001122d7190,0x0000000113400000)
 PSPermGen       total 21504K, used 10471K [0x0000000107700000, 0x0000000108c00000, 0x000000010c900000)
  object space 21504K, 48% used [0x0000000107700000,0x0000000108139ce0,0x0000000108c00000)

Card table byte_map: [0x000000014c900000,0x000000014cb2a000] byte_map_base: 0x000000014c0c4800

Polling page: 0x0000000104546000

Code Cache  [0x0000000104559000, 0x00000001047c9000, 0x0000000107559000)
 total_blobs=666 nmethods=198 adapters=422 free_code_cache=48062Kb largest_free_block=49157888

Compilation events (10 events):
Event: 24.997 Thread 0x00007f9dca867000  197             java.nio.Buffer::limit (62 bytes)
Event: 24.998 Thread 0x00007f9dca867000 nmethod 197 0x00000001045d7890 code [0x00000001045d79c0, 0x00000001045d7a58]
Event: 26.550 Thread 0x00007f9dca867000  198             java.util.HashMap::getEntry (86 bytes)
Event: 26.555 Thread 0x00007f9dca867000 nmethod 198 0x00000001045d7210 code [0x00000001045d7380, 0x00000001045d7688]
Event: 29.695 Thread 0x00007f9dcb03e000  199             java.util.HashMap$HashIterator::hasNext (13 bytes)
Event: 29.695 Thread 0x00007f9dcb03e000 nmethod 199 0x00000001045dd110 code [0x00000001045dd240, 0x00000001045dd2b8]
Event: 32.261 Thread 0x00007f9dcb03e000  200             java.lang.AbstractStringBuilder::ensureCapacityInternal (16 bytes)
Event: 32.266 Thread 0x00007f9dcb03e000 nmethod 200 0x00000001045dcb90 code [0x00000001045dcce0, 0x00000001045dcf98]
Event: 33.696 Thread 0x00007f9dca867000  201             org.newdawn.slick.Input::poll (1561 bytes)
Event: 33.947 Thread 0x00007f9dca867000 nmethod 201 0x000000010466d2d0 code [0x000000010466dc80, 0x00000001046734e0]

GC Heap History (10 events):
Event: 2.480 GC heap before
{Heap before GC invocations=4 (full 0):
 PSYoungGen      total 19456K, used 19024K [0x0000000137380000, 0x0000000139980000, 0x000000014c900000)
  eden space 16896K, 100% used [0x0000000137380000,0x0000000138400000,0x0000000138400000)
  from space 2560K, 83% used [0x0000000138400000,0x0000000138614020,0x0000000138680000)
  to   space 2560K, 0% used [0x0000000139700000,0x0000000139700000,0x0000000139980000)
 ParOldGen       total 43520K, used 10149K [0x000000010c900000, 0x000000010f380000, 0x0000000137380000)
  object space 43520K, 23% used [0x000000010c900000,0x000000010d2e9790,0x000000010f380000)
 PSPermGen       total 21504K, used 9845K [0x0000000107700000, 0x0000000108c00000, 0x000000010c900000)
  object space 21504K, 45% used [0x0000000107700000,0x000000010809d5e8,0x0000000108c00000)
Event: 2.494 GC heap after
Heap after GC invocations=4 (full 0):
 PSYoungGen      total 36352K, used 2160K [0x0000000137380000, 0x0000000139980000, 0x000000014c900000)
  eden space 33792K, 0% used [0x0000000137380000,0x0000000137380000,0x0000000139480000)
  from space 2560K, 84% used [0x0000000139700000,0x000000013991c020,0x0000000139980000)
  to   space 2560K, 0% used [0x0000000139480000,0x0000000139480000,0x0000000139700000)
 ParOldGen       total 43520K, used 14949K [0x000000010c900000, 0x000000010f380000, 0x0000000137380000)
  object space 43520K, 34% used [0x000000010c900000,0x000000010d7997c0,0x000000010f380000)
 PSPermGen       total 21504K, used 9845K [0x0000000107700000, 0x0000000108c00000, 0x000000010c900000)
  object space 21504K, 45% used [0x0000000107700000,0x000000010809d5e8,0x0000000108c00000)
}
Event: 4.596 GC heap before
{Heap before GC invocations=5 (full 0):
 PSYoungGen      total 36352K, used 34097K [0x0000000137380000, 0x0000000139980000, 0x000000014c900000)
  eden space 33792K, 94% used [0x0000000137380000,0x00000001392b0608,0x0000000139480000)
  from space 2560K, 84% used [0x0000000139700000,0x000000013991c020,0x0000000139980000)
  to   space 2560K, 0% used [0x0000000139480000,0x0000000139480000,0x0000000139700000)
 ParOldGen       total 43520K, used 14949K [0x000000010c900000, 0x000000010f380000, 0x0000000137380000)
  object space 43520K, 34% used [0x000000010c900000,0x000000010d7997c0,0x000000010f380000)
 PSPermGen       total 21504K, used 10421K [0x0000000107700000, 0x0000000108c00000, 0x000000010c900000)
  object space 21504K, 48% used [0x0000000107700000,0x000000010812d6c0,0x0000000108c00000)
Event: 4.622 GC heap after
Heap after GC invocations=5 (full 0):
 PSYoungGen      total 36352K, used 2542K [0x0000000137380000, 0x000000013ca80000, 0x000000014c900000)
  eden space 33792K, 0% used [0x0000000137380000,0x0000000137380000,0x0000000139480000)
  from space 2560K, 99% used [0x0000000139480000,0x00000001396fb8e8,0x0000000139700000)
  to   space 10752K, 0% used [0x000000013c000000,0x000000013c000000,0x000000013ca80000)
 ParOldGen       total 43520K, used 24567K [0x000000010c900000, 0x000000010f380000, 0x0000000137380000)
  object space 43520K, 56% used [0x000000010c900000,0x000000010e0fde10,0x000000010f380000)
 PSPermGen       total 21504K, used 10421K [0x0000000107700000, 0x0000000108c00000, 0x000000010c900000)
  object space 21504K, 48% used [0x0000000107700000,0x000000010812d6c0,0x0000000108c00000)
}
Event: 14.169 GC heap before
{Heap before GC invocations=6 (full 0):
 PSYoungGen      total 36352K, used 34055K [0x0000000137380000, 0x000000013ca80000, 0x000000014c900000)
  eden space 33792K, 93% used [0x0000000137380000,0x00000001392464a0,0x0000000139480000)
  from space 2560K, 99% used [0x0000000139480000,0x00000001396fb8e8,0x0000000139700000)
  to   space 10752K, 0% used [0x000000013c000000,0x000000013c000000,0x000000013ca80000)
 ParOldGen       total 109568K, used 90023K [0x000000010c900000, 0x0000000113400000, 0x0000000137380000)
  object space 109568K, 82% used [0x000000010c900000,0x00000001120e9ff0,0x0000000113400000)
 PSPermGen       total 21504K, used 10442K [0x0000000107700000, 0x0000000108c00000, 0x000000010c900000)
  object space 21504K, 48% used [0x0000000107700000,0x0000000108132ae8,0x0000000108c00000)
Event: 14.178 GC heap after
Heap after GC invocations=6 (full 0):
 PSYoungGen      total 78336K, used 2399K [0x0000000137380000, 0x000000013ca80000, 0x000000014c900000)
  eden space 67584K, 0% used [0x0000000137380000,0x0000000137380000,0x000000013b580000)
  from space 10752K, 22% used [0x000000013c000000,0x000000013c257c78,0x000000013ca80000)
  to   space 10752K, 0% used [0x000000013b580000,0x000000013b580000,0x000000013c000000)
 ParOldGen       total 109568K, used 90031K [0x000000010c900000, 0x0000000113400000, 0x0000000137380000)
  object space 109568K, 82% used [0x000000010c900000,0x00000001120ebff0,0x0000000113400000)
 PSPermGen       total 21504K, used 10442K [0x0000000107700000, 0x0000000108c00000, 0x000000010c900000)
  object space 21504K, 48% used [0x0000000107700000,0x0000000108132ae8,0x0000000108c00000)
}
Event: 20.814 GC heap before
{Heap before GC invocations=7 (full 0):
 PSYoungGen      total 78336K, used 69458K [0x0000000137380000, 0x000000013ca80000, 0x000000014c900000)
  eden space 67584K, 99% used [0x0000000137380000,0x000000013b4fccc0,0x000000013b580000)
  from space 10752K, 22% used [0x000000013c000000,0x000000013c257c78,0x000000013ca80000)
  to   space 10752K, 0% used [0x000000013b580000,0x000000013b580000,0x000000013c000000)
 ParOldGen       total 109568K, used 90031K [0x000000010c900000, 0x0000000113400000, 0x0000000137380000)
  object space 109568K, 82% used [0x000000010c900000,0x00000001120ebff0,0x0000000113400000)
 PSPermGen       total 21504K, used 10454K [0x0000000107700000, 0x0000000108c00000, 0x000000010c900000)
  object space 21504K, 48% used [0x0000000107700000,0x0000000108135840,0x0000000108c00000)
Event: 20.823 GC heap after
Heap after GC invocations=7 (full 0):
 PSYoungGen      total 78336K, used 485K [0x0000000137380000, 0x0000000140c80000, 0x000000014c900000)
  eden space 67584K, 0% used [0x0000000137380000,0x0000000137380000,0x000000013b580000)
  from space 10752K, 4% used [0x000000013b580000,0x000000013b5f95d0,0x000000013c000000)
  to   space 10752K, 0% used [0x0000000140200000,0x0000000140200000,0x0000000140c80000)
 ParOldGen       total 109568K, used 91980K [0x000000010c900000, 0x0000000113400000, 0x0000000137380000)
  object space 109568K, 83% used [0x000000010c900000,0x00000001122d3190,0x0000000113400000)
 PSPermGen       total 21504K, used 10454K [0x0000000107700000, 0x0000000108c00000, 0x000000010c900000)
  object space 21504K, 48% used [0x0000000107700000,0x0000000108135840,0x0000000108c00000)
}
Event: 27.052 GC heap before
{Heap before GC invocations=8 (full 0):
 PSYoungGen      total 78336K, used 66578K [0x0000000137380000, 0x0000000140c80000, 0x000000014c900000)
  eden space 67584K, 97% used [0x0000000137380000,0x000000013b40b2d0,0x000000013b580000)
  from space 10752K, 4% used [0x000000013b580000,0x000000013b5f95d0,0x000000013c000000)
  to   space 10752K, 0% used [0x0000000140200000,0x0000000140200000,0x0000000140c80000)
 ParOldGen       total 109568K, used 91980K [0x000000010c900000, 0x0000000113400000, 0x0000000137380000)
  object space 109568K, 83% used [0x000000010c900000,0x00000001122d3190,0x0000000113400000)
 PSPermGen       total 21504K, used 10456K [0x0000000107700000, 0x0000000108c00000, 0x000000010c900000)
  object space 21504K, 48% used [0x0000000107700000,0x0000000108136318,0x0000000108c00000)
Event: 27.054 GC heap after
Heap after GC invocations=8 (full 0):
 PSYoungGen      total 144896K, used 511K [0x0000000137380000, 0x0000000140b80000, 0x000000014c900000)
  eden space 135168K, 0% used [0x0000000137380000,0x0000000137380000,0x000000013f780000)
  from space 9728K, 5% used [0x0000000140200000,0x000000014027fc68,0x0000000140b80000)
  to   space 10240K, 0% used [0x000000013f780000,0x000000013f780000,0x0000000140180000)
 ParOldGen       total 109568K, used 91996K [0x000000010c900000, 0x0000000113400000, 0x0000000137380000)
  object space 109568K, 83% used [0x000000010c900000,0x00000001122d7190,0x0000000113400000)
 PSPermGen       total 21504K, used 10456K [0x0000000107700000, 0x0000000108c00000, 0x000000010c900000)
  object space 21504K, 48% used [0x0000000107700000,0x0000000108136318,0x0000000108c00000)
}

Deoptimization events (10 events):
Event: 1.684 Thread 0x00007f9dca80b000 Uncommon trap: reason=class_check action=maybe_recompile pc=0x00000001045dca2c method=java.util.HashMap.put(Ljava/lang/Object;Ljava/lang/Object;)Ljava/lang/Object; @ 137
Event: 1.684 Thread 0x00007f9dca80b000 Uncommon trap: reason=class_check action=maybe_recompile pc=0x00000001045dca2c method=java.util.HashMap.put(Ljava/lang/Object;Ljava/lang/Object;)Ljava/lang/Object; @ 137
Event: 1.684 Thread 0x00007f9dca80b000 Uncommon trap: reason=class_check action=maybe_recompile pc=0x00000001045dca2c method=java.util.HashMap.put(Ljava/lang/Object;Ljava/lang/Object;)Ljava/lang/Object; @ 137
Event: 3.003 Thread 0x00007f9dca80b000 Uncommon trap: reason=class_check action=maybe_recompile pc=0x000000010460131c method=java.util.zip.InflaterInputStream.read([BII)I @ 100
Event: 3.006 Thread 0x00007f9dca80b000 Uncommon trap: reason=class_check action=maybe_recompile pc=0x000000010460131c method=java.util.zip.InflaterInputStream.read([BII)I @ 100
Event: 3.008 Thread 0x00007f9dca80b000 Uncommon trap: reason=class_check action=maybe_recompile pc=0x000000010460131c method=java.util.zip.InflaterInputStream.read([BII)I @ 100
Event: 3.009 Thread 0x00007f9dca80b000 Uncommon trap: reason=class_check action=maybe_recompile pc=0x000000010460131c method=java.util.zip.InflaterInputStream.read([BII)I @ 100
Event: 3.324 Thread 0x00007f9dca80b000 Uncommon trap: reason=unloaded action=reinterpret pc=0x000000010461f914 method=com.jcraft.jorbis.DspState.synthesis_blockin(Lcom/jcraft/jorbis/Block;)I @ 356
Event: 7.162 Thread 0x00007f9dca80b000 Uncommon trap: reason=unloaded action=reinterpret pc=0x0000000104624f70 method=org.newdawn.slick.openal.OggDecoder.getData(Ljava/io/InputStream;)Lorg/newdawn/slick/openal/OggData; @ 52
Event: 10.658 Thread 0x00007f9dca80b000 Uncommon trap: reason=unreached action=reinterpret pc=0x0000000104660568 method=pacmiage2.Map.isCollision(FF)Z @ 50

Internal exceptions (10 events):
Event: 3.112 Thread 0x00007f9dca80b000 Threw 0x00000001380d54d0 at /HUDSON/workspace/7u-2-build-macosx-x86_64/jdk7u67/1368/hotspot/src/share/vm/prims/jvm.cpp:1244
Event: 3.116 Thread 0x00007f9dca80b000 Threw 0x00000001380e8ff0 at /HUDSON/workspace/7u-2-build-macosx-x86_64/jdk7u67/1368/hotspot/src/share/vm/prims/jvm.cpp:1244
Event: 3.117 Thread 0x00007f9dca80b000 Threw 0x00000001380ef128 at /HUDSON/workspace/7u-2-build-macosx-x86_64/jdk7u67/1368/hotspot/src/share/vm/prims/jvm.cpp:1244
Event: 3.185 Thread 0x00007f9dca80b000 Threw 0x00000001381803c8 at /HUDSON/workspace/7u-2-build-macosx-x86_64/jdk7u67/1368/hotspot/src/share/vm/prims/jvm.cpp:1244
Event: 3.186 Thread 0x00007f9dca80b000 Threw 0x0000000138183638 at /HUDSON/workspace/7u-2-build-macosx-x86_64/jdk7u67/1368/hotspot/src/share/vm/prims/jvm.cpp:1244
Event: 3.186 Thread 0x00007f9dca80b000 Threw 0x0000000138186f58 at /HUDSON/workspace/7u-2-build-macosx-x86_64/jdk7u67/1368/hotspot/src/share/vm/prims/jvm.cpp:1244
Event: 3.448 Thread 0x00007f9dca80b000 Threw 0x00000001381ae2c0 at /HUDSON/workspace/7u-2-build-macosx-x86_64/jdk7u67/1368/hotspot/src/share/vm/prims/jvm.cpp:1244
Event: 7.365 Thread 0x00007f9dca80b000 Threw 0x00000001384bb8f0 at /HUDSON/workspace/7u-2-build-macosx-x86_64/jdk7u67/1368/hotspot/src/share/vm/prims/jvm.cpp:1244
Event: 7.439 Thread 0x00007f9dca80b000 Threw 0x00000001384c1b00 at /HUDSON/workspace/7u-2-build-macosx-x86_64/jdk7u67/1368/hotspot/src/share/vm/prims/jvm.cpp:1244
Event: 34.858 Thread 0x00007f9dca80b000 Threw 0x00000001377a89b8 at /HUDSON/workspace/7u-2-build-macosx-x86_64/jdk7u67/1368/hotspot/src/share/vm/prims/jvm.cpp:1244

Events (10 events):
Event: 14.594 Thread 0x00007f9dcae03800 Thread added: 0x00007f9dcae03800
Event: 15.828 Thread 0x00007f9dcb03e000 flushing nmethod 0x00000001045cc410
Event: 18.493 Thread 0x00007f9dca867000 flushing nmethod 0x00000001045d7090
Event: 19.869 Thread 0x00007f9dca867000 flushing nmethod 0x00000001045dc2d0
Event: 20.814 Executing VM operation: ParallelGCFailedAllocation
Event: 20.823 Executing VM operation: ParallelGCFailedAllocation done
Event: 27.052 Executing VM operation: ParallelGCFailedAllocation
Event: 27.054 Executing VM operation: ParallelGCFailedAllocation done
Event: 34.858 loading class 0x00007f9dca5a4940
Event: 34.858 loading class 0x00007f9dca5a4940 done


Dynamic libraries:
0x000000000d7cb000 	/System/Library/Frameworks/Cocoa.framework/Versions/A/Cocoa
0x000000000d7cb000 	/System/Library/Frameworks/Security.framework/Versions/A/Security
0x000000000d7cb000 	/System/Library/Frameworks/ApplicationServices.framework/Versions/A/ApplicationServices
0x000000000d7cb000 	/usr/lib/libz.1.dylib
0x000000000d7cb000 	/usr/lib/libSystem.B.dylib
0x000000000d7cb000 	/usr/lib/libobjc.A.dylib
0x000000000d7cb000 	/System/Library/Frameworks/CoreFoundation.framework/Versions/A/CoreFoundation
0x000000000d7cb000 	/System/Library/Frameworks/Foundation.framework/Versions/C/Foundation
0x000000000d7cb000 	/System/Library/Frameworks/AppKit.framework/Versions/C/AppKit
0x000000000d7cb000 	/System/Library/Frameworks/CoreData.framework/Versions/A/CoreData
0x000000000d7cb000 	/System/Library/PrivateFrameworks/RemoteViewServices.framework/Versions/A/RemoteViewServices
0x000000000d7cb000 	/System/Library/PrivateFrameworks/UIFoundation.framework/Versions/A/UIFoundation
0x000000000d7cb000 	/System/Library/Frameworks/IOSurface.framework/Versions/A/IOSurface
0x000000000d7cb000 	/System/Library/Frameworks/AudioToolbox.framework/Versions/A/AudioToolbox
0x000000000d7cb000 	/System/Library/Frameworks/AudioUnit.framework/Versions/A/AudioUnit
0x000000000d7cb000 	/System/Library/PrivateFrameworks/DataDetectorsCore.framework/Versions/A/DataDetectorsCore
0x000000000d7cb000 	/System/Library/PrivateFrameworks/DesktopServicesPriv.framework/Versions/A/DesktopServicesPriv
0x000000000d7cb000 	/System/Library/Frameworks/Carbon.framework/Versions/A/Frameworks/HIToolbox.framework/Versions/A/HIToolbox
0x000000000d7cb000 	/System/Library/Frameworks/QuartzCore.framework/Versions/A/QuartzCore
0x000000000d7cb000 	/System/Library/Frameworks/Carbon.framework/Versions/A/Frameworks/SpeechRecognition.framework/Versions/A/SpeechRecognition
0x000000000d7cb000 	/usr/lib/libauto.dylib
0x000000000d7cb000 	/usr/lib/libicucore.A.dylib
0x000000000d7cb000 	/usr/lib/libxml2.2.dylib
0x000000000d7cb000 	/System/Library/PrivateFrameworks/CoreUI.framework/Versions/A/CoreUI
0x000000000d7cb000 	/System/Library/Frameworks/CoreAudio.framework/Versions/A/CoreAudio
0x000000000d7cb000 	/System/Library/Frameworks/DiskArbitration.framework/Versions/A/DiskArbitration
0x000000000d7cb000 	/usr/lib/liblangid.dylib
0x000000000d7cb000 	/System/Library/PrivateFrameworks/MultitouchSupport.framework/Versions/A/MultitouchSupport
0x000000000d7cb000 	/System/Library/Frameworks/IOKit.framework/Versions/A/IOKit
0x000000000d7cb000 	/usr/lib/libDiagnosticMessagesClient.dylib
0x000000000d7cb000 	/System/Library/Frameworks/CoreServices.framework/Versions/A/CoreServices
0x000000000d7cb000 	/System/Library/PrivateFrameworks/PerformanceAnalysis.framework/Versions/A/PerformanceAnalysis
0x000000000d7cb000 	/System/Library/PrivateFrameworks/GenerationalStorage.framework/Versions/A/GenerationalStorage
0x000000000d7cb000 	/System/Library/Frameworks/OpenGL.framework/Versions/A/OpenGL
0x000000000d7cb000 	/System/Library/PrivateFrameworks/Sharing.framework/Versions/A/Sharing
0x000000000d7cb000 	/System/Library/Frameworks/CoreGraphics.framework/Versions/A/CoreGraphics
0x000000000d7cb000 	/System/Library/Frameworks/CoreText.framework/Versions/A/CoreText
0x000000000d7cb000 	/System/Library/Frameworks/ImageIO.framework/Versions/A/ImageIO
0x000000000d7cb000 	/usr/lib/libextension.dylib
0x000000000d7cb000 	/System/Library/PrivateFrameworks/Backup.framework/Versions/A/Backup
0x000000000d7cb000 	/usr/lib/libarchive.2.dylib
0x000000000d7cb000 	/System/Library/Frameworks/CFNetwork.framework/Versions/A/CFNetwork
0x000000000d7cb000 	/System/Library/Frameworks/SystemConfiguration.framework/Versions/A/SystemConfiguration
0x000000000d7cb000 	/usr/lib/libCRFSuite.dylib
0x000000000d7cb000 	/usr/lib/libc++.1.dylib
0x000000000d7cb000 	/usr/lib/libc++abi.dylib
0x000000000d7cb000 	/usr/lib/system/libcache.dylib
0x000000000d7cb000 	/usr/lib/system/libcommonCrypto.dylib
0x000000000d7cb000 	/usr/lib/system/libcompiler_rt.dylib
0x000000000d7cb000 	/usr/lib/system/libcopyfile.dylib
0x000000000d7cb000 	/usr/lib/system/libcorecrypto.dylib
0x000000000d7cb000 	/usr/lib/system/libdispatch.dylib
0x000000000d7cb000 	/usr/lib/system/libdyld.dylib
0x000000000d7cb000 	/usr/lib/system/libkeymgr.dylib
0x000000000d7cb000 	/usr/lib/system/liblaunch.dylib
0x000000000d7cb000 	/usr/lib/system/libmacho.dylib
0x000000000d7cb000 	/usr/lib/system/libquarantine.dylib
0x000000000d7cb000 	/usr/lib/system/libremovefile.dylib
0x000000000d7cb000 	/usr/lib/system/libsystem_asl.dylib
0x000000000d7cb000 	/usr/lib/system/libsystem_blocks.dylib
0x000000000d7cb000 	/usr/lib/system/libsystem_c.dylib
0x000000000d7cb000 	/usr/lib/system/libsystem_configuration.dylib
0x000000000d7cb000 	/usr/lib/system/libsystem_coreservices.dylib
0x000000000d7cb000 	/usr/lib/system/libsystem_coretls.dylib
0x000000000d7cb000 	/usr/lib/system/libsystem_dnssd.dylib
0x000000000d7cb000 	/usr/lib/system/libsystem_info.dylib
0x000000000d7cb000 	/usr/lib/system/libsystem_kernel.dylib
0x000000000d7cb000 	/usr/lib/system/libsystem_m.dylib
0x000000000d7cb000 	/usr/lib/system/libsystem_malloc.dylib
0x000000000d7cb000 	/usr/lib/system/libsystem_network.dylib
0x000000000d7cb000 	/usr/lib/system/libsystem_networkextension.dylib
0x000000000d7cb000 	/usr/lib/system/libsystem_notify.dylib
0x000000000d7cb000 	/usr/lib/system/libsystem_platform.dylib
0x000000000d7cb000 	/usr/lib/system/libsystem_pthread.dylib
0x000000000d7cb000 	/usr/lib/system/libsystem_sandbox.dylib
0x000000000d7cb000 	/usr/lib/system/libsystem_secinit.dylib
0x000000000d7cb000 	/usr/lib/system/libsystem_stats.dylib
0x000000000d7cb000 	/usr/lib/system/libsystem_trace.dylib
0x000000000d7cb000 	/usr/lib/system/libunc.dylib
0x000000000d7cb000 	/usr/lib/system/libunwind.dylib
0x000000000d7cb000 	/usr/lib/system/libxpc.dylib
0x000000000d7cb000 	/usr/lib/libbz2.1.0.dylib
0x000000000d7cb000 	/usr/lib/liblzma.5.dylib
0x000000000d7cb000 	/usr/lib/libbsm.0.dylib
0x000000000d7cb000 	/usr/lib/libsqlite3.dylib
0x000000000d7cb000 	/usr/lib/system/libkxld.dylib
0x000000000d7cb000 	/usr/lib/libxar.1.dylib
0x000000000d7cb000 	/usr/lib/libpam.2.dylib
0x000000000d7cb000 	/usr/lib/libOpenScriptingUtil.dylib
0x000000000d7cb000 	/System/Library/Frameworks/CoreServices.framework/Versions/A/Frameworks/FSEvents.framework/Versions/A/FSEvents
0x000000000d7cb000 	/System/Library/Frameworks/CoreServices.framework/Versions/A/Frameworks/CarbonCore.framework/Versions/A/CarbonCore
0x000000000d7cb000 	/System/Library/Frameworks/CoreServices.framework/Versions/A/Frameworks/Metadata.framework/Versions/A/Metadata
0x000000000d7cb000 	/System/Library/Frameworks/CoreServices.framework/Versions/A/Frameworks/OSServices.framework/Versions/A/OSServices
0x000000000d7cb000 	/System/Library/Frameworks/CoreServices.framework/Versions/A/Frameworks/SearchKit.framework/Versions/A/SearchKit
0x000000000d7cb000 	/System/Library/Frameworks/CoreServices.framework/Versions/A/Frameworks/AE.framework/Versions/A/AE
0x000000000d7cb000 	/System/Library/Frameworks/CoreServices.framework/Versions/A/Frameworks/LaunchServices.framework/Versions/A/LaunchServices
0x000000000d7cb000 	/System/Library/Frameworks/CoreServices.framework/Versions/A/Frameworks/DictionaryServices.framework/Versions/A/DictionaryServices
0x000000000d7cb000 	/System/Library/Frameworks/NetFS.framework/Versions/A/NetFS
0x000000000d7cb000 	/System/Library/PrivateFrameworks/NetAuth.framework/Versions/A/NetAuth
0x000000000d7cb000 	/System/Library/PrivateFrameworks/login.framework/Versions/A/Frameworks/loginsupport.framework/Versions/A/loginsupport
0x000000000d7cb000 	/System/Library/PrivateFrameworks/TCC.framework/Versions/A/TCC
0x000000000d7cb000 	/usr/lib/libmecabra.dylib
0x000000000d7cb000 	/System/Library/Frameworks/ApplicationServices.framework/Versions/A/Frameworks/ATS.framework/Versions/A/ATS
0x000000000d7cb000 	/System/Library/Frameworks/ApplicationServices.framework/Versions/A/Frameworks/ColorSync.framework/Versions/A/ColorSync
0x000000000d7cb000 	/System/Library/Frameworks/ApplicationServices.framework/Versions/A/Frameworks/HIServices.framework/Versions/A/HIServices
0x000000000d7cb000 	/System/Library/Frameworks/ApplicationServices.framework/Versions/A/Frameworks/LangAnalysis.framework/Versions/A/LangAnalysis
0x000000000d7cb000 	/System/Library/Frameworks/ApplicationServices.framework/Versions/A/Frameworks/PrintCore.framework/Versions/A/PrintCore
0x000000000d7cb000 	/System/Library/Frameworks/ApplicationServices.framework/Versions/A/Frameworks/QD.framework/Versions/A/QD
0x000000000d7cb000 	/System/Library/Frameworks/ApplicationServices.framework/Versions/A/Frameworks/SpeechSynthesis.framework/Versions/A/SpeechSynthesis
0x000000000d7cb000 	/System/Library/Frameworks/Accelerate.framework/Versions/A/Accelerate
0x000000000d7cb000 	/System/Library/Frameworks/Accelerate.framework/Versions/A/Frameworks/vImage.framework/Versions/A/vImage
0x000000000d7cb000 	/System/Library/Frameworks/Accelerate.framework/Versions/A/Frameworks/vecLib.framework/Versions/A/vecLib
0x000000000d7cb000 	/System/Library/Frameworks/Accelerate.framework/Versions/A/Frameworks/vecLib.framework/Versions/A/libvDSP.dylib
0x000000000d7cb000 	/System/Library/Frameworks/Accelerate.framework/Versions/A/Frameworks/vecLib.framework/Versions/A/libvMisc.dylib
0x000000000d7cb000 	/System/Library/Frameworks/Accelerate.framework/Versions/A/Frameworks/vecLib.framework/Versions/A/libLAPACK.dylib
0x000000000d7cb000 	/System/Library/Frameworks/Accelerate.framework/Versions/A/Frameworks/vecLib.framework/Versions/A/libBLAS.dylib
0x000000000d7cb000 	/System/Library/Frameworks/Accelerate.framework/Versions/A/Frameworks/vecLib.framework/Versions/A/libLinearAlgebra.dylib
0x000000000d7cb000 	/System/Library/Frameworks/ApplicationServices.framework/Versions/A/Frameworks/ATS.framework/Versions/A/Resources/libFontParser.dylib
0x000000000d7cb000 	/System/Library/Frameworks/ApplicationServices.framework/Versions/A/Frameworks/ATS.framework/Versions/A/Resources/libFontRegistry.dylib
0x000000000d7cb000 	/System/Library/PrivateFrameworks/AppleVPA.framework/Versions/A/AppleVPA
0x000000000d7cb000 	/System/Library/PrivateFrameworks/AppleJPEG.framework/Versions/A/AppleJPEG
0x000000000d7cb000 	/System/Library/Frameworks/ImageIO.framework/Versions/A/Resources/libJPEG.dylib
0x000000000d7cb000 	/System/Library/Frameworks/ImageIO.framework/Versions/A/Resources/libTIFF.dylib
0x000000000d7cb000 	/System/Library/Frameworks/ImageIO.framework/Versions/A/Resources/libPng.dylib
0x000000000d7cb000 	/System/Library/Frameworks/ImageIO.framework/Versions/A/Resources/libGIF.dylib
0x000000000d7cb000 	/System/Library/Frameworks/ImageIO.framework/Versions/A/Resources/libJP2.dylib
0x000000000d7cb000 	/System/Library/Frameworks/ImageIO.framework/Versions/A/Resources/libRadiance.dylib
0x000000000d7cb000 	/System/Library/Frameworks/CoreVideo.framework/Versions/A/CoreVideo
0x000000000d7cb000 	/System/Library/Frameworks/OpenGL.framework/Versions/A/Libraries/libGLU.dylib
0x000000000d7cb000 	/System/Library/Frameworks/OpenGL.framework/Versions/A/Libraries/libGFXShared.dylib
0x000000000d7cb000 	/System/Library/Frameworks/OpenGL.framework/Versions/A/Libraries/libGL.dylib
0x000000000d7cb000 	/System/Library/Frameworks/OpenGL.framework/Versions/A/Libraries/libGLImage.dylib
0x000000000d7cb000 	/System/Library/Frameworks/OpenGL.framework/Versions/A/Libraries/libCVMSPluginSupport.dylib
0x000000000d7cb000 	/System/Library/Frameworks/OpenGL.framework/Versions/A/Libraries/libCoreVMClient.dylib
0x000000000d7cb000 	/usr/lib/libcups.2.dylib
0x000000000d7cb000 	/System/Library/Frameworks/Kerberos.framework/Versions/A/Kerberos
0x000000000d7cb000 	/System/Library/Frameworks/GSS.framework/Versions/A/GSS
0x000000000d7cb000 	/usr/lib/libresolv.9.dylib
0x000000000d7cb000 	/usr/lib/libiconv.2.dylib
0x000000000d7cb000 	/System/Library/PrivateFrameworks/Heimdal.framework/Versions/A/Heimdal
0x000000000d7cb000 	/usr/lib/libheimdal-asn1.dylib
0x000000000d7cb000 	/System/Library/Frameworks/OpenDirectory.framework/Versions/A/OpenDirectory
0x000000000d7cb000 	/System/Library/PrivateFrameworks/CommonAuth.framework/Versions/A/CommonAuth
0x000000000d7cb000 	/System/Library/Frameworks/OpenDirectory.framework/Versions/A/Frameworks/CFOpenDirectory.framework/Versions/A/CFOpenDirectory
0x000000000d7cb000 	/System/Library/Frameworks/SecurityFoundation.framework/Versions/A/SecurityFoundation
0x000000000d7cb000 	/System/Library/PrivateFrameworks/LanguageModeling.framework/Versions/A/LanguageModeling
0x000000000d7cb000 	/usr/lib/libcmph.dylib
0x000000000d7cb000 	/System/Library/Frameworks/ServiceManagement.framework/Versions/A/ServiceManagement
0x000000000d7cb000 	/usr/lib/libxslt.1.dylib
0x000000000d7cb000 	/System/Library/Frameworks/Carbon.framework/Versions/A/Frameworks/Ink.framework/Versions/A/Ink
0x000000000d7cb000 	/System/Library/Frameworks/QuartzCore.framework/Versions/A/Frameworks/CoreImage.framework/Versions/A/CoreImage
0x000000000d7cb000 	/System/Library/PrivateFrameworks/CrashReporterSupport.framework/Versions/A/CrashReporterSupport
0x000000000d7cb000 	/System/Library/Frameworks/OpenCL.framework/Versions/A/OpenCL
0x000000000d7cb000 	/System/Library/PrivateFrameworks/FaceCore.framework/Versions/A/FaceCore
0x000000000d7cb000 	/System/Library/PrivateFrameworks/Ubiquity.framework/Versions/A/Ubiquity
0x000000000d7cb000 	/System/Library/PrivateFrameworks/IconServices.framework/Versions/A/IconServices
0x000000000d7cb000 	/System/Library/PrivateFrameworks/ChunkingLibrary.framework/Versions/A/ChunkingLibrary
0x000000000d7cb000 	/System/Library/PrivateFrameworks/Apple80211.framework/Versions/A/Apple80211
0x000000000d7cb000 	/System/Library/Frameworks/CoreWLAN.framework/Versions/A/CoreWLAN
0x000000000d7cb000 	/System/Library/Frameworks/IOBluetooth.framework/Versions/A/IOBluetooth
0x000000000d7cb000 	/System/Library/PrivateFrameworks/CoreWiFi.framework/Versions/A/CoreWiFi
0x000000000d7cb000 	/System/Library/Frameworks/CoreBluetooth.framework/Versions/A/CoreBluetooth
0x000000000d7cb000 	/System/Library/PrivateFrameworks/DebugSymbols.framework/Versions/A/DebugSymbols
0x000000000d7cb000 	/System/Library/PrivateFrameworks/CoreSymbolication.framework/Versions/A/CoreSymbolication
0x000000000d7cb000 	/System/Library/PrivateFrameworks/Symbolication.framework/Versions/A/Symbolication
0x000000000d7cb000 	/System/Library/PrivateFrameworks/SpeechRecognitionCore.framework/Versions/A/SpeechRecognitionCore
0x00000001039a7000 	/Library/Java/JavaVirtualMachines/jdk1.7.0_67.jdk/Contents/Home/jre/lib/server/libjvm.dylib
0x000000000d7cb000 	/usr/lib/libstdc++.6.dylib
0x0000000104509000 	/Library/Java/JavaVirtualMachines/jdk1.7.0_67.jdk/Contents/Home/jre/lib/libverify.dylib
0x0000000104516000 	/Library/Java/JavaVirtualMachines/jdk1.7.0_67.jdk/Contents/Home/jre/lib/libjava.dylib
0x0000000104550000 	/Library/Java/JavaVirtualMachines/jdk1.7.0_67.jdk/Contents/Home/jre/lib/libzip.dylib
0x00000001506c6000 	/System/Library/Frameworks/JavaVM.framework/Frameworks/JavaRuntimeSupport.framework/JavaRuntimeSupport
0x00000001506dc000 	/System/Library/Frameworks/JavaVM.framework/Versions/A/Frameworks/JavaNativeFoundation.framework/Versions/A/JavaNativeFoundation
0x0000000107670000 	/System/Library/Frameworks/JavaVM.framework/Versions/A/JavaVM
0x000000000d7cb000 	/System/Library/Frameworks/Carbon.framework/Versions/A/Carbon
0x00000001506f0000 	/System/Library/PrivateFrameworks/JavaLaunching.framework/Versions/A/JavaLaunching
0x000000000d7cb000 	/System/Library/Frameworks/Carbon.framework/Versions/A/Frameworks/CommonPanels.framework/Versions/A/CommonPanels
0x000000000d7cb000 	/System/Library/Frameworks/Carbon.framework/Versions/A/Frameworks/Help.framework/Versions/A/Help
0x000000000d7cb000 	/System/Library/Frameworks/Carbon.framework/Versions/A/Frameworks/ImageCapture.framework/Versions/A/ImageCapture
0x000000000d7cb000 	/System/Library/Frameworks/Carbon.framework/Versions/A/Frameworks/OpenScripting.framework/Versions/A/OpenScripting
0x000000000d7cb000 	/System/Library/Frameworks/Carbon.framework/Versions/A/Frameworks/Print.framework/Versions/A/Print
0x000000000d7cb000 	/System/Library/Frameworks/Carbon.framework/Versions/A/Frameworks/SecurityHI.framework/Versions/A/SecurityHI
0x0000000152437000 	/Library/Java/JavaVirtualMachines/jdk1.7.0_67.jdk/Contents/Home/jre/lib/libawt.dylib
0x00000001524e6000 	/Library/Java/JavaVirtualMachines/jdk1.7.0_67.jdk/Contents/Home/jre/lib/./libmlib_image.dylib
0x00000001525b2000 	/Library/Java/JavaVirtualMachines/jdk1.7.0_67.jdk/Contents/Home/jre/lib/lwawt/liblwawt.dylib
0x0000000152666000 	/Library/Java/JavaVirtualMachines/jdk1.7.0_67.jdk/Contents/Home/jre/lib/libosxapp.dylib
0x000000000d7cb000 	/System/Library/Frameworks/ExceptionHandling.framework/Versions/A/ExceptionHandling
0x000000000d7cb000 	/System/Library/PrivateFrameworks/CoreServicesInternal.framework/Versions/A/CoreServicesInternal
0x000000000d7cb000 	/System/Library/PrivateFrameworks/CloudDocs.framework/Versions/A/CloudDocs
0x000000000d7cb000 	/System/Library/PrivateFrameworks/CoreDuet.framework/Versions/A/CoreDuet
0x000000000d7cb000 	/System/Library/Frameworks/CloudKit.framework/Versions/A/CloudKit
0x000000000d7cb000 	/System/Library/PrivateFrameworks/ProtocolBuffer.framework/Versions/A/ProtocolBuffer
0x000000000d7cb000 	/System/Library/PrivateFrameworks/CoreDuetDaemonProtocol.framework/Versions/A/CoreDuetDaemonProtocol
0x000000000d7cb000 	/System/Library/PrivateFrameworks/CoreDuetDebugLogging.framework/Versions/A/CoreDuetDebugLogging
0x000000000d7cb000 	/System/Library/Frameworks/CoreLocation.framework/Versions/A/CoreLocation
0x000000000d7cb000 	/System/Library/Frameworks/Accounts.framework/Versions/A/Accounts
0x000000000d7cb000 	/System/Library/PrivateFrameworks/ApplePushService.framework/Versions/A/ApplePushService
0x000000000d7cb000 	/System/Library/PrivateFrameworks/GeoServices.framework/Versions/A/GeoServices
0x000000000d7cb000 	/System/Library/PrivateFrameworks/OAuth.framework/Versions/A/OAuth
0x000000000d7cb000 	/System/Library/PrivateFrameworks/CoreDaemon.framework/Versions/B/CoreDaemon
0x000000000d7cb000 	/usr/lib/libcrypto.0.9.8.dylib
0x000000000d7cb000 	/System/Library/PrivateFrameworks/AppleSRP.framework/Versions/A/AppleSRP
0x000000000d7cb000 	/System/Library/PrivateFrameworks/TrustEvaluationAgent.framework/Versions/A/TrustEvaluationAgent
0x000000000d7cb000 	/System/Library/Frameworks/CoreGraphics.framework/Versions/A/Resources/libCGCMS.A.dylib
0x000000000d7cb000 	/System/Library/Frameworks/CoreGraphics.framework/Versions/A/Resources/libRIP.A.dylib
0x000000000d7cb000 	/System/Library/Frameworks/CoreGraphics.framework/Versions/A/Resources/libCGXType.A.dylib
0x000000000d7cb000 	/System/Library/Frameworks/OpenCL.framework/Versions/A/Libraries/libcldcpuengine.dylib
0x000000000d7cb000 	/System/Library/PrivateFrameworks/DiskImages.framework/Versions/A/DiskImages
0x000000000d7cb000 	/System/Library/Frameworks/DiscRecording.framework/Versions/A/DiscRecording
0x000000000d7cb000 	/usr/lib/libcsfde.dylib
0x000000000d7cb000 	/usr/lib/libcurl.4.dylib
0x000000000d7cb000 	/System/Library/PrivateFrameworks/MediaKit.framework/Versions/A/MediaKit
0x000000000d7cb000 	/System/Library/PrivateFrameworks/ProtectedCloudStorage.framework/Versions/A/ProtectedCloudStorage
0x000000000d7cb000 	/usr/lib/libCoreStorage.dylib
0x000000000d7cb000 	/System/Library/PrivateFrameworks/EFILogin.framework/Versions/A/EFILogin
0x000000000d7cb000 	/usr/lib/libutil.dylib
0x000000000d7cb000 	/System/Library/PrivateFrameworks/FindMyDevice.framework/Versions/A/FindMyDevice
0x000000000d7cb000 	/System/Library/Frameworks/LDAP.framework/Versions/A/LDAP
0x000000000d7cb000 	/usr/lib/libsasl2.2.dylib
0x000000015538f000 	cl_kernels
0x0000000155391000 	/System/Library/Frameworks/OpenCL.framework/Versions/A/Libraries/ImageFormats/unorm8_bgra.dylib
0x0000000155380000 	cl_kernels
0x000000000d7cb000 	/System/Library/PrivateFrameworks/FamilyControls.framework/Versions/A/FamilyControls
0x000000000d7cb000 	/System/Library/PrivateFrameworks/CommerceKit.framework/Versions/A/Frameworks/CommerceCore.framework/Versions/A/CommerceCore
0x000000000d7cb000 	/System/Library/PrivateFrameworks/SystemAdministration.framework/Versions/A/SystemAdministration
0x000000000d7cb000 	/System/Library/PrivateFrameworks/AppContainer.framework/Versions/A/AppContainer
0x000000000d7cb000 	/System/Library/PrivateFrameworks/SecCodeWrapper.framework/Versions/A/SecCodeWrapper
0x000000000d7cb000 	/System/Library/Frameworks/DirectoryService.framework/Versions/A/DirectoryService
0x000000000d7cb000 	/System/Library/PrivateFrameworks/LoginUIKit.framework/Versions/A/Frameworks/LoginUICore.framework/Versions/A/LoginUICore
0x000000000d7cb000 	/usr/lib/libodfde.dylib
0x00000001565d7000 	/Library/Java/JavaVirtualMachines/jdk1.7.0_67.jdk/Contents/Home/jre/lib/libfontmanager.dylib
0x000000015663e000 	/Users/raphaelsenand/NetBeansProjects/PacMiage2/lib/natives/liblwjgl.dylib
0x00000001548d1000 	/Library/Java/JavaVirtualMachines/jdk1.7.0_67.jdk/Contents/Home/jre/lib/libjawt.dylib
0x00000001548d4000 	/Library/Java/JavaVirtualMachines/jdk1.7.0_67.jdk/Contents/Home/jre/lib/libnio.dylib
0x00000001566c0000 	/Library/Java/JavaVirtualMachines/jdk1.7.0_67.jdk/Contents/Home/jre/lib/./libnet.dylib
0x000000000d7cb000 	/System/Library/Frameworks/OpenGL.framework/Versions/A/Resources/GLEngine.bundle/GLEngine
0x000000000d7cb000 	/System/Library/Frameworks/OpenGL.framework/Versions/A/Libraries/libGLProgrammability.dylib
0x0000000000000000 	/System/Library/Extensions/GeForceTeslaGLDriver.bundle/Contents/MacOS/GeForceTeslaGLDriver
0x000000015671d000 	/System/Library/Extensions/GeForceTeslaGLDriver.bundle/Contents/MacOS/libclh.dylib
0x0000000156f64000 	/System/Library/PrivateFrameworks/GPUSupport.framework/Versions/A/Libraries/libGPUSupport.dylib
0x000000000d7cb000 	/System/Library/Frameworks/OpenGL.framework/Versions/A/Resources/GLRendererFloat.bundle/GLRendererFloat
0x00000001570cf000 	/Users/raphaelsenand/NetBeansProjects/PacMiage2/lib/natives/libjinput-osx.dylib
0x000000015780a000 	/System/Library/Extensions/IOHIDFamily.kext/Contents/PlugIns/IOHIDLib.plugin/Contents/MacOS/IOHIDLib
0x0000000158f74000 	/Library/Java/JavaVirtualMachines/jdk1.7.0_67.jdk/Contents/Home/jre/lib/libjpeg.dylib
0x0000000158fa1000 	/Library/Java/JavaVirtualMachines/jdk1.7.0_67.jdk/Contents/Home/jre/lib/libkcms.dylib
0x0000000153c14000 	/Users/raphaelsenand/NetBeansProjects/PacMiage2/lib/natives/openal.dylib
0x0000000158ffd000 	/System/Library/Components/CoreAudio.component/Contents/MacOS/CoreAudio
0x0000000153c98000 	/System/Library/Extensions/AppleHDA.kext/Contents/PlugIns/AppleHDAHALPlugIn.bundle/Contents/MacOS/AppleHDAHALPlugIn

VM Arguments:
jvm_args: -Dfile.encoding=UTF-8 -Djava.library.path=lib/natives 
java_command: pacmiage2.PacMiage2
Launcher Type: SUN_STANDARD

Environment Variables:
PATH=/usr/bin:/bin:/usr/sbin:/sbin
LD_LIBRARY_PATH=/Library/Java/JavaVirtualMachines/jdk1.7.0_67.jdk/Contents/Home/jre/lib/amd64:/Library/Java/JavaVirtualMachines/jdk1.7.0_67.jdk/Contents/Home/jre/lib/i386:
SHELL=/bin/bash
DYLD_LIBRARY_PATH=/Applications/NetBeans/NetBeans 8.0.app/Contents/Resources/NetBeans/webcommon/bin:

Signal Handlers:
SIGSEGV: [libjvm.dylib+0x52b6c9], sa_mask[0]=0xfffefeff, sa_flags=0x00000043
SIGBUS: [libjvm.dylib+0x52b6c9], sa_mask[0]=0xfffefeff, sa_flags=0x00000042
SIGFPE: [libjvm.dylib+0x41deaa], sa_mask[0]=0xfffefeff, sa_flags=0x00000042
SIGPIPE: [libjvm.dylib+0x41deaa], sa_mask[0]=0xfffefeff, sa_flags=0x00000042
SIGXFSZ: [libjvm.dylib+0x41deaa], sa_mask[0]=0xfffefeff, sa_flags=0x00000042
SIGILL: [libjvm.dylib+0x41deaa], sa_mask[0]=0xfffefeff, sa_flags=0x00000042
SIGUSR1: SIG_DFL, sa_mask[0]=0x00000000, sa_flags=0x00000000
SIGUSR2: [libjvm.dylib+0x41d99c], sa_mask[0]=0x00000004, sa_flags=0x00000042
SIGHUP: [libjvm.dylib+0x41bc2d], sa_mask[0]=0xfffefeff, sa_flags=0x00000042
SIGINT: SIG_IGN, sa_mask[0]=0x00000000, sa_flags=0x00000000
SIGTERM: [libjvm.dylib+0x41bc2d], sa_mask[0]=0xfffefeff, sa_flags=0x00000042
SIGQUIT: [libjvm.dylib+0x41bc2d], sa_mask[0]=0xfffefeff, sa_flags=0x00000042


---------------  S Y S T E M  ---------------

OS:Bsduname:Darwin 14.1.0 Darwin Kernel Version 14.1.0: Thu Feb 26 19:26:47 PST 2015; root:xnu-2782.10.73~1/RELEASE_X86_64 x86_64
rlimit: STACK 8192k, CORE 0k, NPROC 709, NOFILE 10240, AS infinity
load average:2.14 1.79 1.71

CPU:total 2 (2 cores per cpu, 1 threads per core) family 6 model 23 stepping 10, cmov, cx8, fxsr, mmx, sse, sse2, sse3, ssse3, sse4.1, tsc

Memory: 4k page, physical 4194304k(1048576k free)

/proc/meminfo:


vm_info: Java HotSpot(TM) 64-Bit Server VM (24.65-b04) for bsd-amd64 JRE (1.7.0_67-b01), built on Jul 25 2014 08:51:51 by "java_re" with gcc 4.2.1 (Based on Apple Inc. build 5658) (LLVM build 2336.11.00)

time: Mon May 18 14:54:36 2015
elapsed time: 35 seconds

