#
# A fatal error has been detected by the Java Runtime Environment:
#
#  SIGSEGV (0xb) at pc=0x00007fff925730dd, pid=10127, tid=1811
#
# JRE version: Java(TM) SE Runtime Environment (7.0_67-b01) (build 1.7.0_67-b01)
# Java VM: Java HotSpot(TM) 64-Bit Server VM (24.65-b04 mixed mode bsd-amd64 compressed oops)
# Problematic frame:
# C  [libobjc.A.dylib+0x10dd]  objc_msgSend+0x1d
#
# Failed to write core dump. Core dumps have been disabled. To enable core dumping, try "ulimit -c unlimited" before starting Java again
#
# If you would like to submit a bug report, please visit:
#   http://bugreport.sun.com/bugreport/crash.jsp
# The crash happened outside the Java Virtual Machine in native code.
# See problematic frame for where to report the bug.
#

---------------  T H R E A D  ---------------

Current thread (0x00007fc5e30cc000):  JavaThread "AppKit Thread" daemon [_thread_in_native, id=1811, stack(0x00007fff5ce6e000,0x00007fff5ceee000)]

siginfo:si_signo=SIGSEGV: si_errno=0, si_code=1 (SEGV_MAPERR), si_addr=0x0000000000000018

Registers:
RAX=0x00007fc5e258fb90, RBX=0x00007fff5cee9568, RCX=0x0000000000000000, RDX=0x00007fc5e25841f0
RSP=0x00007fff5cee9388, RBP=0x00007fff5cee9390, RSI=0x00007fff9936e2b4, RDI=0x00007fc5e258fb90
R8 =0x00007fff5cee9370, R9 =0x0000000000000062, R10=0x00007fff9936e2b4, R11=0x0000000000000000
R12=0x00007fc5e24411a0, R13=0x00000000000f42fd, R14=0x00007fc5e24d3250, R15=0x00007fff5cee94c8
RIP=0x00007fff925730dd, EFLAGS=0x0000000000010246, ERR=0x0000000000000004
  TRAPNO=0x000000000000000e

Top of Stack: (sp=0x00007fff5cee9388)
0x00007fff5cee9388:   00007fff9bc92cdc 00007fff5cee96f0
0x00007fff5cee9398:   00007fff9bb84244 00007fff5cee941c
0x00007fff5cee93a8:   00007fff5cee9420 00007fff5cee9424
0x00007fff5cee93b8:   00007fff7df22c88 ffffffffffffffff
0x00007fff5cee93c8:   0000000000000930 00007fff7df22ca0
0x00007fff5cee93d8:   00007fc5e24d3250 0000000000000000
0x00007fff5cee93e8:   00007fff5cee94c0 0000000000000000
0x00007fff5cee93f8:   00007fc5e2593920 00007fff5cee9540
0x00007fff5cee9408:   0000000000000062 00000000000f42ff
0x00007fff5cee9418:   00007fc5e25841f0 00007fc5e2593350
0x00007fff5cee9428:   00007fc5e24411a0 0000000000000001
0x00007fff5cee9438:   00000000000f42fd 00007fc5e2441190
0x00007fff5cee9448:   00007fff8fe017ba 00000001e24d1ae0
0x00007fff5cee9458:   00007fff7fbf30d0 0000000042000000
0x00007fff5cee9468:   00007fff8fe09e13 00007fff7deed1d0
0x00007fff5cee9478:   00007fff5cee9548 0000000000000000
0x00007fff5cee9488:   00007fff7e4c68c8 0000000000000000
0x00007fff5cee9498:   0000000000000024 0008d60300000001
0x00007fff5cee94a8:   00007fc5e24411c4 0000000000000000
0x00007fff5cee94b8:   000000000041dc01 00007fc5e25939a0
0x00007fff5cee94c8:   00007fc5e24d3250 0000000000000000
0x00007fff5cee94d8:   00007fff993a634c 00007fff5cee9580
0x00007fff5cee94e8:   00007fff8f888513 00007fff5cee9564
0x00007fff5cee94f8:   000000000041dd01 00000000ffffffff
0x00007fff5cee9508:   00007fff7e4c68c8 000000000041dd00
0x00007fff5cee9518:   00007fff00000000 00007fff5cee9610
0x00007fff5cee9528:   00007fff9b355edc 00007fff7e4c68e8
0x00007fff5cee9538:   00007fff993a634c 0000000000000051
0x00007fff5cee9548:   0000000000000000 00000000000f42e1
0x00007fff5cee9558:   0000000000000053 0000000000000000
0x00007fff5cee9568:   00000000000f42fd 00007fff5cee95e4
0x00007fff5cee9578:   000000000041e701 00000000ffffffff 

Instructions: (pc=0x00007fff925730dd)
0x00007fff925730bd:   00 00 00 48 85 ff 2e 74 7a 40 f6 c7 01 2e 75 7e
0x00007fff925730cd:   49 bb f8 ff ff ff ff 7f 00 00 4c 23 1f 49 89 f2
0x00007fff925730dd:   45 23 53 18 49 c1 e2 04 4d 03 53 10 49 3b 32 75
0x00007fff925730ed:   04 41 ff 62 08 49 83 3a 00 74 6a 4d 3b 53 10 74 

Register to memory mapping:

RAX=0x00007fc5e258fb90 is an unknown value
RBX=0x00007fff5cee9568 is pointing into the stack for thread: 0x00007fc5e30cc000
RCX=0x0000000000000000 is an unknown value
RDX=0x00007fc5e25841f0 is an unknown value
RSP=0x00007fff5cee9388 is pointing into the stack for thread: 0x00007fc5e30cc000
RBP=0x00007fff5cee9390 is pointing into the stack for thread: 0x00007fc5e30cc000
RSI=0x00007fff9936e2b4: -[NSTitlebarContainerView shouldRoundCorners]+0x5ced6 in /System/Library/Frameworks/AppKit.framework/Versions/C/AppKit at 0x00007fff9899d000
RDI=0x00007fc5e258fb90 is an unknown value
R8 =0x00007fff5cee9370 is pointing into the stack for thread: 0x00007fc5e30cc000
R9 =0x0000000000000062 is an unknown value
R10=0x00007fff9936e2b4: -[NSTitlebarContainerView shouldRoundCorners]+0x5ced6 in /System/Library/Frameworks/AppKit.framework/Versions/C/AppKit at 0x00007fff9899d000
R11=0x0000000000000000 is an unknown value
R12=0x00007fc5e24411a0 is an unknown value
R13=0x00000000000f42fd is an unknown value
R14=0x00007fc5e24d3250 is an unknown value
R15=0x00007fff5cee94c8 is pointing into the stack for thread: 0x00007fc5e30cc000


Stack: [0x00007fff5ce6e000,0x00007fff5ceee000],  sp=0x00007fff5cee9388,  free space=492k
Native frames: (J=compiled Java code, j=interpreted, Vv=VM code, C=native code)
C  [libobjc.A.dylib+0x10dd]  objc_msgSend+0x1d
C  [CoreFoundation+0x10244]  _CFXNotificationPost+0xc44
C  [Foundation+0x2c31]  -[NSNotificationCenter postNotificationName:object:userInfo:]+0x42
C  [AppKit+0xdd776]  -[NSSurface _disposeSurface]+0x98
C  [AppKit+0xdd1da]  -[NSSurface setWindow:]+0x42
C  [AppKit+0x3b9ef]  -[NSView _setWindow:]+0xa22
C  [AppKit+0x3cc22]  -[NSView removeFromSuperview]+0x1c5
C  [AppKit+0x9140a]  -[NSView removeFromSuperviewWithoutNeedingDisplay]+0x26
C  [liblwjgl.dylib+0xa205]  +[MacOSXKeyableWindow destroyWindow]+0xb5
C  [Foundation+0x65cdc]  __NSThreadPerformPerform+0x125
C  [CoreFoundation+0x80681]  __CFRUNLOOP_IS_CALLING_OUT_TO_A_SOURCE0_PERFORM_FUNCTION__+0x11
C  [CoreFoundation+0x7280d]  __CFRunLoopDoSources0+0x10d
C  [CoreFoundation+0x71e3f]  __CFRunLoopRun+0x39f
C  [CoreFoundation+0x71858]  CFRunLoopRunSpecific+0x128
C  [HIToolbox+0x2eaef]  RunCurrentEventLoopInMode+0xeb
C  [HIToolbox+0x2e86a]  ReceiveNextEventCommon+0x1af
C  [HIToolbox+0x2e6ab]  _BlockUntilNextEventMatchingListInModeWithFilter+0x47
C  [AppKit+0x23f81]  _DPSNextEvent+0x3c4
C  [AppKit+0x23730]  -[NSApplication nextEventMatchingMask:untilDate:inMode:dequeue:]+0xc2
C  [libosxapp.dylib+0x24e3]  -[NSApplicationAWT nextEventMatchingMask:untilDate:inMode:dequeue:]+0x7c
C  [AppKit+0x17593]  -[NSApplication run]+0x252
C  [libosxapp.dylib+0x2346]  +[NSApplicationAWT runAWTLoopWithApp:]+0x9c
C  [liblwawt.dylib+0xd889]  -[AWTStarter starter:]+0x369
C  [Foundation+0x65cdc]  __NSThreadPerformPerform+0x125
C  [CoreFoundation+0x80681]  __CFRUNLOOP_IS_CALLING_OUT_TO_A_SOURCE0_PERFORM_FUNCTION__+0x11
C  [CoreFoundation+0x7280d]  __CFRunLoopDoSources0+0x10d
C  [CoreFoundation+0x71e3f]  __CFRunLoopRun+0x39f
C  [CoreFoundation+0x71858]  CFRunLoopRunSpecific+0x128
C  [java+0x73b0]  CreateExecutionEnvironment+0x367
C  [java+0x1b5c]  JLI_Launch+0x7a0
C  [java+0x770d]  main+0x65
C  [java+0x13b4]  start+0x34


---------------  P R O C E S S  ---------------

Java Threads: ( => current thread )
  0x00007fc5e5012000 JavaThread "AWT-Shutdown" [_thread_blocked, id=12127, stack(0x00000001136bd000,0x00000001137bd000)]
  0x00007fc5e2a30000 JavaThread "Java2D Queue Flusher" daemon [_thread_blocked, id=53255, stack(0x0000000111b9c000,0x0000000111c9c000)]
  0x00007fc5e32b4000 JavaThread "Java2D Disposer" daemon [_thread_blocked, id=48155, stack(0x0000000111a19000,0x0000000111b19000)]
=>0x00007fc5e30cc000 JavaThread "AppKit Thread" daemon [_thread_in_native, id=1811, stack(0x00007fff5ce6e000,0x00007fff5ceee000)]
  0x00007fc5e3053000 JavaThread "Service Thread" daemon [_thread_blocked, id=16387, stack(0x000000010c361000,0x000000010c461000)]
  0x00007fc5e3052800 JavaThread "C2 CompilerThread1" daemon [_thread_blocked, id=15875, stack(0x000000010c25e000,0x000000010c35e000)]
  0x00007fc5e3026000 JavaThread "C2 CompilerThread0" daemon [_thread_blocked, id=15363, stack(0x000000010c15b000,0x000000010c25b000)]
  0x00007fc5e3028000 JavaThread "Signal Dispatcher" daemon [_thread_blocked, id=11787, stack(0x000000010c058000,0x000000010c158000)]
  0x00007fc5e2846800 JavaThread "Finalizer" daemon [_thread_blocked, id=9987, stack(0x000000010a7a6000,0x000000010a8a6000)]
  0x00007fc5e2845800 JavaThread "Reference Handler" daemon [_thread_blocked, id=9475, stack(0x000000010a6a3000,0x000000010a7a3000)]
  0x00007fc5e280d000 JavaThread "main" [_thread_in_native, id=3331, stack(0x0000000103870000,0x0000000103970000)]

Other Threads:
  0x00007fc5e301c000 VMThread [stack: 0x000000010a5a0000,0x000000010a6a0000] [id=8963]
  0x00007fc5e302a000 WatcherThread [stack: 0x000000010c464000,0x000000010c564000] [id=16899]

VM state:not at safepoint (normal execution)

VM Mutex/Monitor currently owned by a thread: None

Heap
 PSYoungGen      total 181248K, used 18498K [0x00000007eaa80000, 0x00000007f7600000, 0x0000000800000000)
  eden space 180736K, 10% used [0x00000007eaa80000,0x00000007ebc78a00,0x00000007f5b00000)
  from space 512K, 18% used [0x00000007f7580000,0x00000007f7598000,0x00000007f7600000)
  to   space 10240K, 0% used [0x00000007f6200000,0x00000007f6200000,0x00000007f6c00000)
 ParOldGen       total 109568K, used 93219K [0x00000007c0000000, 0x00000007c6b00000, 0x00000007eaa80000)
  object space 109568K, 85% used [0x00000007c0000000,0x00000007c5b08e88,0x00000007c6b00000)
 PSPermGen       total 21504K, used 10509K [0x00000007bae00000, 0x00000007bc300000, 0x00000007c0000000)
  object space 21504K, 48% used [0x00000007bae00000,0x00000007bb843590,0x00000007bc300000)

Card table byte_map: [0x0000000106ec0000,0x00000001070ea000] byte_map_base: 0x00000001030e9000

Polling page: 0x00000001039af000

Code Cache  [0x0000000103e00000, 0x0000000104070000, 0x0000000106e00000)
 total_blobs=809 nmethods=341 adapters=422 free_code_cache=47653Kb largest_free_block=48745600

Compilation events (10 events):
Event: 148.083 Thread 0x00007fc5e3052800  342             org.lwjgl.input.Keyboard::readNext (89 bytes)
Event: 148.090 Thread 0x00007fc5e3052800 nmethod 342 0x0000000103f41c10 code [0x0000000103f41e40, 0x0000000103f423f0]
Event: 186.512 Thread 0x00007fc5e3052800  345   !         org.newdawn.slick.Input::initControllers (191 bytes)
Event: 186.522 Thread 0x00007fc5e3052800 nmethod 345 0x0000000103f27510 code [0x0000000103f27760, 0x0000000103f27e70]
Event: 197.262 Thread 0x00007fc5e3026000  346 % !         org.newdawn.slick.AppGameContainer::start @ 9 (49 bytes)
Event: 197.264 Thread 0x00007fc5e3026000 nmethod 346% 0x0000000103f60310 code [0x0000000103f60480, 0x0000000103f605b0]
Event: 205.838 Thread 0x00007fc5e3026000  347             java.nio.HeapByteBuffer::_put (8 bytes)
Event: 205.839 Thread 0x00007fc5e3026000 nmethod 347 0x0000000103f48410 code [0x0000000103f48560, 0x0000000103f48618]
Event: 208.253 Thread 0x00007fc5e3052800  348             java.nio.HeapByteBuffer::_get (7 bytes)
Event: 208.254 Thread 0x00007fc5e3052800 nmethod 348 0x0000000103f494d0 code [0x0000000103f49620, 0x0000000103f496b8]

GC Heap History (10 events):
Event: 123.187 GC heap before
{Heap before GC invocations=10 (full 0):
 PSYoungGen      total 146944K, used 131659K [0x00000007eaa80000, 0x00000007f9500000, 0x0000000800000000)
  eden space 135168K, 97% used [0x00000007eaa80000,0x00000007f2afaf20,0x00000007f2e80000)
  from space 11776K, 0% used [0x00000007f2e80000,0x00000007f2e98000,0x00000007f3a00000)
  to   space 11776K, 0% used [0x00000007f8980000,0x00000007f8980000,0x00000007f9500000)
 ParOldGen       total 109568K, used 93139K [0x00000007c0000000, 0x00000007c6b00000, 0x00000007eaa80000)
  object space 109568K, 85% used [0x00000007c0000000,0x00000007c5af4e88,0x00000007c6b00000)
 PSPermGen       total 21504K, used 10503K [0x00000007bae00000, 0x00000007bc300000, 0x00000007c0000000)
  object space 21504K, 48% used [0x00000007bae00000,0x00000007bb841c28,0x00000007bc300000)
Event: 123.189 GC heap after
Heap after GC invocations=10 (full 0):
 PSYoungGen      total 228352K, used 96K [0x00000007eaa80000, 0x00000007f9500000, 0x0000000800000000)
  eden space 216576K, 0% used [0x00000007eaa80000,0x00000007eaa80000,0x00000007f7e00000)
  from space 11776K, 0% used [0x00000007f8980000,0x00000007f8998000,0x00000007f9500000)
  to   space 11776K, 0% used [0x00000007f7e00000,0x00000007f7e00000,0x00000007f8980000)
 ParOldGen       total 109568K, used 93155K [0x00000007c0000000, 0x00000007c6b00000, 0x00000007eaa80000)
  object space 109568K, 85% used [0x00000007c0000000,0x00000007c5af8e88,0x00000007c6b00000)
 PSPermGen       total 21504K, used 10503K [0x00000007bae00000, 0x00000007bc300000, 0x00000007c0000000)
  object space 21504K, 48% used [0x00000007bae00000,0x00000007bb841c28,0x00000007bc300000)
}
Event: 143.657 GC heap before
{Heap before GC invocations=11 (full 0):
 PSYoungGen      total 228352K, used 215772K [0x00000007eaa80000, 0x00000007f9500000, 0x0000000800000000)
  eden space 216576K, 99% used [0x00000007eaa80000,0x00000007f7d1f040,0x00000007f7e00000)
  from space 11776K, 0% used [0x00000007f8980000,0x00000007f8998000,0x00000007f9500000)
  to   space 11776K, 0% used [0x00000007f7e00000,0x00000007f7e00000,0x00000007f8980000)
 ParOldGen       total 109568K, used 93155K [0x00000007c0000000, 0x00000007c6b00000, 0x00000007eaa80000)
  object space 109568K, 85% used [0x00000007c0000000,0x00000007c5af8e88,0x00000007c6b00000)
 PSPermGen       total 21504K, used 10503K [0x00000007bae00000, 0x00000007bc300000, 0x00000007c0000000)
  object space 21504K, 48% used [0x00000007bae00000,0x00000007bb841e38,0x00000007bc300000)
Event: 143.660 GC heap after
Heap after GC invocations=11 (full 0):
 PSYoungGen      total 207360K, used 96K [0x00000007eaa80000, 0x00000007f8a80000, 0x0000000800000000)
  eden space 206848K, 0% used [0x00000007eaa80000,0x00000007eaa80000,0x00000007f7480000)
  from space 512K, 18% used [0x00000007f7e00000,0x00000007f7e18000,0x00000007f7e80000)
  to   space 11264K, 0% used [0x00000007f7f80000,0x00000007f7f80000,0x00000007f8a80000)
 ParOldGen       total 109568K, used 93171K [0x00000007c0000000, 0x00000007c6b00000, 0x00000007eaa80000)
  object space 109568K, 85% used [0x00000007c0000000,0x00000007c5afce88,0x00000007c6b00000)
 PSPermGen       total 21504K, used 10503K [0x00000007bae00000, 0x00000007bc300000, 0x00000007c0000000)
  object space 21504K, 48% used [0x00000007bae00000,0x00000007bb841e38,0x00000007bc300000)
}
Event: 165.315 GC heap before
{Heap before GC invocations=12 (full 0):
 PSYoungGen      total 207360K, used 205513K [0x00000007eaa80000, 0x00000007f8a80000, 0x0000000800000000)
  eden space 206848K, 99% used [0x00000007eaa80000,0x00000007f731a5f8,0x00000007f7480000)
  from space 512K, 18% used [0x00000007f7e00000,0x00000007f7e18000,0x00000007f7e80000)
  to   space 11264K, 0% used [0x00000007f7f80000,0x00000007f7f80000,0x00000007f8a80000)
 ParOldGen       total 109568K, used 93171K [0x00000007c0000000, 0x00000007c6b00000, 0x00000007eaa80000)
  object space 109568K, 85% used [0x00000007c0000000,0x00000007c5afce88,0x00000007c6b00000)
 PSPermGen       total 21504K, used 10503K [0x00000007bae00000, 0x00000007bc300000, 0x00000007c0000000)
  object space 21504K, 48% used [0x00000007bae00000,0x00000007bb841e38,0x00000007bc300000)
Event: 165.317 GC heap after
Heap after GC invocations=12 (full 0):
 PSYoungGen      total 198656K, used 96K [0x00000007eaa80000, 0x00000007f8080000, 0x0000000800000000)
  eden space 197632K, 0% used [0x00000007eaa80000,0x00000007eaa80000,0x00000007f6b80000)
  from space 1024K, 9% used [0x00000007f7f80000,0x00000007f7f98000,0x00000007f8080000)
  to   space 10752K, 0% used [0x00000007f6b80000,0x00000007f6b80000,0x00000007f7600000)
 ParOldGen       total 109568K, used 93187K [0x00000007c0000000, 0x00000007c6b00000, 0x00000007eaa80000)
  object space 109568K, 85% used [0x00000007c0000000,0x00000007c5b00e88,0x00000007c6b00000)
 PSPermGen       total 21504K, used 10503K [0x00000007bae00000, 0x00000007bc300000, 0x00000007c0000000)
  object space 21504K, 48% used [0x00000007bae00000,0x00000007bb841e38,0x00000007bc300000)
}
Event: 181.890 GC heap before
{Heap before GC invocations=13 (full 0):
 PSYoungGen      total 198656K, used 196926K [0x00000007eaa80000, 0x00000007f8080000, 0x0000000800000000)
  eden space 197632K, 99% used [0x00000007eaa80000,0x00000007f6ab7950,0x00000007f6b80000)
  from space 1024K, 9% used [0x00000007f7f80000,0x00000007f7f98000,0x00000007f8080000)
  to   space 10752K, 0% used [0x00000007f6b80000,0x00000007f6b80000,0x00000007f7600000)
 ParOldGen       total 109568K, used 93187K [0x00000007c0000000, 0x00000007c6b00000, 0x00000007eaa80000)
  object space 109568K, 85% used [0x00000007c0000000,0x00000007c5b00e88,0x00000007c6b00000)
 PSPermGen       total 21504K, used 10503K [0x00000007bae00000, 0x00000007bc300000, 0x00000007c0000000)
  object space 21504K, 48% used [0x00000007bae00000,0x00000007bb841e38,0x00000007bc300000)
Event: 181.891 GC heap after
Heap after GC invocations=13 (full 0):
 PSYoungGen      total 189440K, used 96K [0x00000007eaa80000, 0x00000007f8000000, 0x0000000800000000)
  eden space 188928K, 0% used [0x00000007eaa80000,0x00000007eaa80000,0x00000007f6300000)
  from space 512K, 18% used [0x00000007f6b80000,0x00000007f6b98000,0x00000007f6c00000)
  to   space 10752K, 0% used [0x00000007f7580000,0x00000007f7580000,0x00000007f8000000)
 ParOldGen       total 109568K, used 93203K [0x00000007c0000000, 0x00000007c6b00000, 0x00000007eaa80000)
  object space 109568K, 85% used [0x00000007c0000000,0x00000007c5b04e88,0x00000007c6b00000)
 PSPermGen       total 21504K, used 10503K [0x00000007bae00000, 0x00000007bc300000, 0x00000007c0000000)
  object space 21504K, 48% used [0x00000007bae00000,0x00000007bb841e38,0x00000007bc300000)
}
Event: 196.313 GC heap before
{Heap before GC invocations=14 (full 0):
 PSYoungGen      total 189440K, used 188426K [0x00000007eaa80000, 0x00000007f8000000, 0x0000000800000000)
  eden space 188928K, 99% used [0x00000007eaa80000,0x00000007f626ab38,0x00000007f6300000)
  from space 512K, 18% used [0x00000007f6b80000,0x00000007f6b98000,0x00000007f6c00000)
  to   space 10752K, 0% used [0x00000007f7580000,0x00000007f7580000,0x00000007f8000000)
 ParOldGen       total 109568K, used 93203K [0x00000007c0000000, 0x00000007c6b00000, 0x00000007eaa80000)
  object space 109568K, 85% used [0x00000007c0000000,0x00000007c5b04e88,0x00000007c6b00000)
 PSPermGen       total 21504K, used 10503K [0x00000007bae00000, 0x00000007bc300000, 0x00000007c0000000)
  object space 21504K, 48% used [0x00000007bae00000,0x00000007bb841e38,0x00000007bc300000)
Event: 196.315 GC heap after
Heap after GC invocations=14 (full 0):
 PSYoungGen      total 181248K, used 96K [0x00000007eaa80000, 0x00000007f7600000, 0x0000000800000000)
  eden space 180736K, 0% used [0x00000007eaa80000,0x00000007eaa80000,0x00000007f5b00000)
  from space 512K, 18% used [0x00000007f7580000,0x00000007f7598000,0x00000007f7600000)
  to   space 10240K, 0% used [0x00000007f6200000,0x00000007f6200000,0x00000007f6c00000)
 ParOldGen       total 109568K, used 93219K [0x00000007c0000000, 0x00000007c6b00000, 0x00000007eaa80000)
  object space 109568K, 85% used [0x00000007c0000000,0x00000007c5b08e88,0x00000007c6b00000)
 PSPermGen       total 21504K, used 10503K [0x00000007bae00000, 0x00000007bc300000, 0x00000007c0000000)
  object space 21504K, 48% used [0x00000007bae00000,0x00000007bb841e38,0x00000007bc300000)
}

Deoptimization events (10 events):
Event: 1.639 Thread 0x00007fc5e280d000 Uncommon trap: reason=class_check action=maybe_recompile pc=0x0000000103e8a04c method=java.util.HashMap.put(Ljava/lang/Object;Ljava/lang/Object;)Ljava/lang/Object; @ 137
Event: 1.639 Thread 0x00007fc5e280d000 Uncommon trap: reason=class_check action=maybe_recompile pc=0x0000000103e8a04c method=java.util.HashMap.put(Ljava/lang/Object;Ljava/lang/Object;)Ljava/lang/Object; @ 137
Event: 3.054 Thread 0x00007fc5e280d000 Uncommon trap: reason=class_check action=maybe_recompile pc=0x0000000103eba028 method=java.util.zip.InflaterInputStream.read([BII)I @ 100
Event: 3.056 Thread 0x00007fc5e280d000 Uncommon trap: reason=class_check action=maybe_recompile pc=0x0000000103eba028 method=java.util.zip.InflaterInputStream.read([BII)I @ 100
Event: 3.062 Thread 0x00007fc5e280d000 Uncommon trap: reason=class_check action=maybe_recompile pc=0x0000000103eba028 method=java.util.zip.InflaterInputStream.read([BII)I @ 100
Event: 3.063 Thread 0x00007fc5e280d000 Uncommon trap: reason=class_check action=maybe_recompile pc=0x0000000103eba028 method=java.util.zip.InflaterInputStream.read([BII)I @ 100
Event: 3.333 Thread 0x00007fc5e280d000 Uncommon trap: reason=unloaded action=reinterpret pc=0x0000000103ebba78 method=com.jcraft.jorbis.DspState.synthesis_blockin(Lcom/jcraft/jorbis/Block;)I @ 119
Event: 3.382 Thread 0x00007fc5e280d000 Uncommon trap: reason=unreached action=reinterpret pc=0x0000000103ed2458 method=com.jcraft.jorbis.Floor1.inverse2(Lcom/jcraft/jorbis/Block;Ljava/lang/Object;Ljava/lang/Object;[F)I @ 33
Event: 7.133 Thread 0x00007fc5e280d000 Uncommon trap: reason=unloaded action=reinterpret pc=0x0000000103edfaf0 method=org.newdawn.slick.openal.OggDecoder.getData(Ljava/io/InputStream;)Lorg/newdawn/slick/openal/OggData; @ 52
Event: 87.464 Thread 0x00007fc5e280d000 Uncommon trap: reason=unreached action=reinterpret pc=0x0000000103f1d928 method=pacmiage2.Map.isCollision(FF)Z @ 50

Internal exceptions (10 events):
Event: 3.156 Thread 0x00007fc5e280d000 Threw 0x00000007eb7d5518 at /HUDSON/workspace/7u-2-build-macosx-x86_64/jdk7u67/1368/hotspot/src/share/vm/prims/jvm.cpp:1244
Event: 3.167 Thread 0x00007fc5e280d000 Threw 0x00000007eb7e9038 at /HUDSON/workspace/7u-2-build-macosx-x86_64/jdk7u67/1368/hotspot/src/share/vm/prims/jvm.cpp:1244
Event: 3.169 Thread 0x00007fc5e280d000 Threw 0x00000007eb7ef170 at /HUDSON/workspace/7u-2-build-macosx-x86_64/jdk7u67/1368/hotspot/src/share/vm/prims/jvm.cpp:1244
Event: 3.219 Thread 0x00007fc5e280d000 Threw 0x00000007eb880410 at /HUDSON/workspace/7u-2-build-macosx-x86_64/jdk7u67/1368/hotspot/src/share/vm/prims/jvm.cpp:1244
Event: 3.220 Thread 0x00007fc5e280d000 Threw 0x00000007eb883680 at /HUDSON/workspace/7u-2-build-macosx-x86_64/jdk7u67/1368/hotspot/src/share/vm/prims/jvm.cpp:1244
Event: 3.225 Thread 0x00007fc5e280d000 Threw 0x00000007eb886fa0 at /HUDSON/workspace/7u-2-build-macosx-x86_64/jdk7u67/1368/hotspot/src/share/vm/prims/jvm.cpp:1244
Event: 3.419 Thread 0x00007fc5e280d000 Threw 0x00000007eb8ae308 at /HUDSON/workspace/7u-2-build-macosx-x86_64/jdk7u67/1368/hotspot/src/share/vm/prims/jvm.cpp:1244
Event: 7.328 Thread 0x00007fc5e280d000 Threw 0x00000007ebb82a90 at /HUDSON/workspace/7u-2-build-macosx-x86_64/jdk7u67/1368/hotspot/src/share/vm/prims/jvm.cpp:1244
Event: 7.390 Thread 0x00007fc5e280d000 Threw 0x00000007ebb88ca0 at /HUDSON/workspace/7u-2-build-macosx-x86_64/jdk7u67/1368/hotspot/src/share/vm/prims/jvm.cpp:1244
Event: 209.128 Thread 0x00007fc5e280d000 Threw 0x00000007ebc72028 at /HUDSON/workspace/7u-2-build-macosx-x86_64/jdk7u67/1368/hotspot/src/share/vm/prims/jvm.cpp:1244

Events (10 events):
Event: 192.815 Thread 0x00007fc5e2a8f000 Thread exited: 0x00007fc5e2a8f000
Event: 192.910 Thread 0x00007fc5e2a8f000 Thread added: 0x00007fc5e2a8f000
Event: 196.313 Executing VM operation: ParallelGCFailedAllocation
Event: 196.315 Executing VM operation: ParallelGCFailedAllocation done
Event: 197.506 Executing VM operation: RevokeBias
Event: 197.506 Executing VM operation: RevokeBias done
Event: 197.506 Thread 0x00007fc5e2a8f000 Thread exited: 0x00007fc5e2a8f000
Event: 199.265 Thread 0x00007fc5e5012000 Thread added: 0x00007fc5e5012000
Event: 209.128 loading class 0x00007fc5e24d3310
Event: 209.128 loading class 0x00007fc5e24d3310 done


Dynamic libraries:
0x000000000d7cb000 	/System/Library/Frameworks/Cocoa.framework/Versions/A/Cocoa
0x000000000d7cb000 	/System/Library/Frameworks/Security.framework/Versions/A/Security
0x000000000d7cb000 	/System/Library/Frameworks/ApplicationServices.framework/Versions/A/ApplicationServices
0x000000000d7cb000 	/usr/lib/libz.1.dylib
0x000000000d7cb000 	/usr/lib/libSystem.B.dylib
0x000000000d7cb000 	/usr/lib/libobjc.A.dylib
0x000000000d7cb000 	/System/Library/Frameworks/CoreFoundation.framework/Versions/A/CoreFoundation
0x000000000d7cb000 	/System/Library/Frameworks/Foundation.framework/Versions/C/Foundation
0x000000000d7cb000 	/System/Library/Frameworks/AppKit.framework/Versions/C/AppKit
0x000000000d7cb000 	/System/Library/Frameworks/CoreData.framework/Versions/A/CoreData
0x000000000d7cb000 	/System/Library/PrivateFrameworks/RemoteViewServices.framework/Versions/A/RemoteViewServices
0x000000000d7cb000 	/System/Library/PrivateFrameworks/UIFoundation.framework/Versions/A/UIFoundation
0x000000000d7cb000 	/System/Library/Frameworks/IOSurface.framework/Versions/A/IOSurface
0x000000000d7cb000 	/System/Library/Frameworks/AudioToolbox.framework/Versions/A/AudioToolbox
0x000000000d7cb000 	/System/Library/Frameworks/AudioUnit.framework/Versions/A/AudioUnit
0x000000000d7cb000 	/System/Library/PrivateFrameworks/DataDetectorsCore.framework/Versions/A/DataDetectorsCore
0x000000000d7cb000 	/System/Library/PrivateFrameworks/DesktopServicesPriv.framework/Versions/A/DesktopServicesPriv
0x000000000d7cb000 	/System/Library/Frameworks/Carbon.framework/Versions/A/Frameworks/HIToolbox.framework/Versions/A/HIToolbox
0x000000000d7cb000 	/System/Library/Frameworks/QuartzCore.framework/Versions/A/QuartzCore
0x000000000d7cb000 	/System/Library/Frameworks/Carbon.framework/Versions/A/Frameworks/SpeechRecognition.framework/Versions/A/SpeechRecognition
0x000000000d7cb000 	/usr/lib/libauto.dylib
0x000000000d7cb000 	/usr/lib/libicucore.A.dylib
0x000000000d7cb000 	/usr/lib/libxml2.2.dylib
0x000000000d7cb000 	/System/Library/PrivateFrameworks/CoreUI.framework/Versions/A/CoreUI
0x000000000d7cb000 	/System/Library/Frameworks/CoreAudio.framework/Versions/A/CoreAudio
0x000000000d7cb000 	/System/Library/Frameworks/DiskArbitration.framework/Versions/A/DiskArbitration
0x000000000d7cb000 	/usr/lib/liblangid.dylib
0x000000000d7cb000 	/System/Library/PrivateFrameworks/MultitouchSupport.framework/Versions/A/MultitouchSupport
0x000000000d7cb000 	/System/Library/Frameworks/IOKit.framework/Versions/A/IOKit
0x000000000d7cb000 	/usr/lib/libDiagnosticMessagesClient.dylib
0x000000000d7cb000 	/System/Library/Frameworks/CoreServices.framework/Versions/A/CoreServices
0x000000000d7cb000 	/System/Library/PrivateFrameworks/PerformanceAnalysis.framework/Versions/A/PerformanceAnalysis
0x000000000d7cb000 	/System/Library/PrivateFrameworks/GenerationalStorage.framework/Versions/A/GenerationalStorage
0x000000000d7cb000 	/System/Library/Frameworks/OpenGL.framework/Versions/A/OpenGL
0x000000000d7cb000 	/System/Library/PrivateFrameworks/Sharing.framework/Versions/A/Sharing
0x000000000d7cb000 	/System/Library/Frameworks/CoreGraphics.framework/Versions/A/CoreGraphics
0x000000000d7cb000 	/System/Library/Frameworks/CoreText.framework/Versions/A/CoreText
0x000000000d7cb000 	/System/Library/Frameworks/ImageIO.framework/Versions/A/ImageIO
0x000000000d7cb000 	/usr/lib/libextension.dylib
0x000000000d7cb000 	/System/Library/PrivateFrameworks/Backup.framework/Versions/A/Backup
0x000000000d7cb000 	/usr/lib/libarchive.2.dylib
0x000000000d7cb000 	/System/Library/Frameworks/CFNetwork.framework/Versions/A/CFNetwork
0x000000000d7cb000 	/System/Library/Frameworks/SystemConfiguration.framework/Versions/A/SystemConfiguration
0x000000000d7cb000 	/usr/lib/libCRFSuite.dylib
0x000000000d7cb000 	/usr/lib/libc++.1.dylib
0x000000000d7cb000 	/usr/lib/libc++abi.dylib
0x000000000d7cb000 	/usr/lib/system/libcache.dylib
0x000000000d7cb000 	/usr/lib/system/libcommonCrypto.dylib
0x000000000d7cb000 	/usr/lib/system/libcompiler_rt.dylib
0x000000000d7cb000 	/usr/lib/system/libcopyfile.dylib
0x000000000d7cb000 	/usr/lib/system/libcorecrypto.dylib
0x000000000d7cb000 	/usr/lib/system/libdispatch.dylib
0x000000000d7cb000 	/usr/lib/system/libdyld.dylib
0x000000000d7cb000 	/usr/lib/system/libkeymgr.dylib
0x000000000d7cb000 	/usr/lib/system/liblaunch.dylib
0x000000000d7cb000 	/usr/lib/system/libmacho.dylib
0x000000000d7cb000 	/usr/lib/system/libquarantine.dylib
0x000000000d7cb000 	/usr/lib/system/libremovefile.dylib
0x000000000d7cb000 	/usr/lib/system/libsystem_asl.dylib
0x000000000d7cb000 	/usr/lib/system/libsystem_blocks.dylib
0x000000000d7cb000 	/usr/lib/system/libsystem_c.dylib
0x000000000d7cb000 	/usr/lib/system/libsystem_configuration.dylib
0x000000000d7cb000 	/usr/lib/system/libsystem_coreservices.dylib
0x000000000d7cb000 	/usr/lib/system/libsystem_coretls.dylib
0x000000000d7cb000 	/usr/lib/system/libsystem_dnssd.dylib
0x000000000d7cb000 	/usr/lib/system/libsystem_info.dylib
0x000000000d7cb000 	/usr/lib/system/libsystem_kernel.dylib
0x000000000d7cb000 	/usr/lib/system/libsystem_m.dylib
0x000000000d7cb000 	/usr/lib/system/libsystem_malloc.dylib
0x000000000d7cb000 	/usr/lib/system/libsystem_network.dylib
0x000000000d7cb000 	/usr/lib/system/libsystem_networkextension.dylib
0x000000000d7cb000 	/usr/lib/system/libsystem_notify.dylib
0x000000000d7cb000 	/usr/lib/system/libsystem_platform.dylib
0x000000000d7cb000 	/usr/lib/system/libsystem_pthread.dylib
0x000000000d7cb000 	/usr/lib/system/libsystem_sandbox.dylib
0x000000000d7cb000 	/usr/lib/system/libsystem_secinit.dylib
0x000000000d7cb000 	/usr/lib/system/libsystem_stats.dylib
0x000000000d7cb000 	/usr/lib/system/libsystem_trace.dylib
0x000000000d7cb000 	/usr/lib/system/libunc.dylib
0x000000000d7cb000 	/usr/lib/system/libunwind.dylib
0x000000000d7cb000 	/usr/lib/system/libxpc.dylib
0x000000000d7cb000 	/usr/lib/libbz2.1.0.dylib
0x000000000d7cb000 	/usr/lib/liblzma.5.dylib
0x000000000d7cb000 	/usr/lib/libbsm.0.dylib
0x000000000d7cb000 	/usr/lib/libsqlite3.dylib
0x000000000d7cb000 	/usr/lib/system/libkxld.dylib
0x000000000d7cb000 	/usr/lib/libxar.1.dylib
0x000000000d7cb000 	/usr/lib/libpam.2.dylib
0x000000000d7cb000 	/usr/lib/libOpenScriptingUtil.dylib
0x000000000d7cb000 	/System/Library/Frameworks/CoreServices.framework/Versions/A/Frameworks/FSEvents.framework/Versions/A/FSEvents
0x000000000d7cb000 	/System/Library/Frameworks/CoreServices.framework/Versions/A/Frameworks/CarbonCore.framework/Versions/A/CarbonCore
0x000000000d7cb000 	/System/Library/Frameworks/CoreServices.framework/Versions/A/Frameworks/Metadata.framework/Versions/A/Metadata
0x000000000d7cb000 	/System/Library/Frameworks/CoreServices.framework/Versions/A/Frameworks/OSServices.framework/Versions/A/OSServices
0x000000000d7cb000 	/System/Library/Frameworks/CoreServices.framework/Versions/A/Frameworks/SearchKit.framework/Versions/A/SearchKit
0x000000000d7cb000 	/System/Library/Frameworks/CoreServices.framework/Versions/A/Frameworks/AE.framework/Versions/A/AE
0x000000000d7cb000 	/System/Library/Frameworks/CoreServices.framework/Versions/A/Frameworks/LaunchServices.framework/Versions/A/LaunchServices
0x000000000d7cb000 	/System/Library/Frameworks/CoreServices.framework/Versions/A/Frameworks/DictionaryServices.framework/Versions/A/DictionaryServices
0x000000000d7cb000 	/System/Library/Frameworks/NetFS.framework/Versions/A/NetFS
0x000000000d7cb000 	/System/Library/PrivateFrameworks/NetAuth.framework/Versions/A/NetAuth
0x000000000d7cb000 	/System/Library/PrivateFrameworks/login.framework/Versions/A/Frameworks/loginsupport.framework/Versions/A/loginsupport
0x000000000d7cb000 	/System/Library/PrivateFrameworks/TCC.framework/Versions/A/TCC
0x000000000d7cb000 	/usr/lib/libmecabra.dylib
0x000000000d7cb000 	/System/Library/Frameworks/ApplicationServices.framework/Versions/A/Frameworks/ATS.framework/Versions/A/ATS
0x000000000d7cb000 	/System/Library/Frameworks/ApplicationServices.framework/Versions/A/Frameworks/ColorSync.framework/Versions/A/ColorSync
0x000000000d7cb000 	/System/Library/Frameworks/ApplicationServices.framework/Versions/A/Frameworks/HIServices.framework/Versions/A/HIServices
0x000000000d7cb000 	/System/Library/Frameworks/ApplicationServices.framework/Versions/A/Frameworks/LangAnalysis.framework/Versions/A/LangAnalysis
0x000000000d7cb000 	/System/Library/Frameworks/ApplicationServices.framework/Versions/A/Frameworks/PrintCore.framework/Versions/A/PrintCore
0x000000000d7cb000 	/System/Library/Frameworks/ApplicationServices.framework/Versions/A/Frameworks/QD.framework/Versions/A/QD
0x000000000d7cb000 	/System/Library/Frameworks/ApplicationServices.framework/Versions/A/Frameworks/SpeechSynthesis.framework/Versions/A/SpeechSynthesis
0x000000000d7cb000 	/System/Library/Frameworks/Accelerate.framework/Versions/A/Accelerate
0x000000000d7cb000 	/System/Library/Frameworks/Accelerate.framework/Versions/A/Frameworks/vImage.framework/Versions/A/vImage
0x000000000d7cb000 	/System/Library/Frameworks/Accelerate.framework/Versions/A/Frameworks/vecLib.framework/Versions/A/vecLib
0x000000000d7cb000 	/System/Library/Frameworks/Accelerate.framework/Versions/A/Frameworks/vecLib.framework/Versions/A/libvDSP.dylib
0x000000000d7cb000 	/System/Library/Frameworks/Accelerate.framework/Versions/A/Frameworks/vecLib.framework/Versions/A/libvMisc.dylib
0x000000000d7cb000 	/System/Library/Frameworks/Accelerate.framework/Versions/A/Frameworks/vecLib.framework/Versions/A/libLAPACK.dylib
0x000000000d7cb000 	/System/Library/Frameworks/Accelerate.framework/Versions/A/Frameworks/vecLib.framework/Versions/A/libBLAS.dylib
0x000000000d7cb000 	/System/Library/Frameworks/Accelerate.framework/Versions/A/Frameworks/vecLib.framework/Versions/A/libLinearAlgebra.dylib
0x000000000d7cb000 	/System/Library/Frameworks/ApplicationServices.framework/Versions/A/Frameworks/ATS.framework/Versions/A/Resources/libFontParser.dylib
0x000000000d7cb000 	/System/Library/Frameworks/ApplicationServices.framework/Versions/A/Frameworks/ATS.framework/Versions/A/Resources/libFontRegistry.dylib
0x000000000d7cb000 	/System/Library/PrivateFrameworks/AppleVPA.framework/Versions/A/AppleVPA
0x000000000d7cb000 	/System/Library/PrivateFrameworks/AppleJPEG.framework/Versions/A/AppleJPEG
0x000000000d7cb000 	/System/Library/Frameworks/ImageIO.framework/Versions/A/Resources/libJPEG.dylib
0x000000000d7cb000 	/System/Library/Frameworks/ImageIO.framework/Versions/A/Resources/libTIFF.dylib
0x000000000d7cb000 	/System/Library/Frameworks/ImageIO.framework/Versions/A/Resources/libPng.dylib
0x000000000d7cb000 	/System/Library/Frameworks/ImageIO.framework/Versions/A/Resources/libGIF.dylib
0x000000000d7cb000 	/System/Library/Frameworks/ImageIO.framework/Versions/A/Resources/libJP2.dylib
0x000000000d7cb000 	/System/Library/Frameworks/ImageIO.framework/Versions/A/Resources/libRadiance.dylib
0x000000000d7cb000 	/System/Library/Frameworks/CoreVideo.framework/Versions/A/CoreVideo
0x000000000d7cb000 	/System/Library/Frameworks/OpenGL.framework/Versions/A/Libraries/libGLU.dylib
0x000000000d7cb000 	/System/Library/Frameworks/OpenGL.framework/Versions/A/Libraries/libGFXShared.dylib
0x000000000d7cb000 	/System/Library/Frameworks/OpenGL.framework/Versions/A/Libraries/libGL.dylib
0x000000000d7cb000 	/System/Library/Frameworks/OpenGL.framework/Versions/A/Libraries/libGLImage.dylib
0x000000000d7cb000 	/System/Library/Frameworks/OpenGL.framework/Versions/A/Libraries/libCVMSPluginSupport.dylib
0x000000000d7cb000 	/System/Library/Frameworks/OpenGL.framework/Versions/A/Libraries/libCoreVMClient.dylib
0x000000000d7cb000 	/usr/lib/libcups.2.dylib
0x000000000d7cb000 	/System/Library/Frameworks/Kerberos.framework/Versions/A/Kerberos
0x000000000d7cb000 	/System/Library/Frameworks/GSS.framework/Versions/A/GSS
0x000000000d7cb000 	/usr/lib/libresolv.9.dylib
0x000000000d7cb000 	/usr/lib/libiconv.2.dylib
0x000000000d7cb000 	/System/Library/PrivateFrameworks/Heimdal.framework/Versions/A/Heimdal
0x000000000d7cb000 	/usr/lib/libheimdal-asn1.dylib
0x000000000d7cb000 	/System/Library/Frameworks/OpenDirectory.framework/Versions/A/OpenDirectory
0x000000000d7cb000 	/System/Library/PrivateFrameworks/CommonAuth.framework/Versions/A/CommonAuth
0x000000000d7cb000 	/System/Library/Frameworks/OpenDirectory.framework/Versions/A/Frameworks/CFOpenDirectory.framework/Versions/A/CFOpenDirectory
0x000000000d7cb000 	/System/Library/Frameworks/SecurityFoundation.framework/Versions/A/SecurityFoundation
0x000000000d7cb000 	/System/Library/PrivateFrameworks/LanguageModeling.framework/Versions/A/LanguageModeling
0x000000000d7cb000 	/usr/lib/libcmph.dylib
0x000000000d7cb000 	/System/Library/Frameworks/ServiceManagement.framework/Versions/A/ServiceManagement
0x000000000d7cb000 	/usr/lib/libxslt.1.dylib
0x000000000d7cb000 	/System/Library/Frameworks/Carbon.framework/Versions/A/Frameworks/Ink.framework/Versions/A/Ink
0x000000000d7cb000 	/System/Library/Frameworks/QuartzCore.framework/Versions/A/Frameworks/CoreImage.framework/Versions/A/CoreImage
0x000000000d7cb000 	/System/Library/PrivateFrameworks/CrashReporterSupport.framework/Versions/A/CrashReporterSupport
0x000000000d7cb000 	/System/Library/Frameworks/OpenCL.framework/Versions/A/OpenCL
0x000000000d7cb000 	/System/Library/PrivateFrameworks/FaceCore.framework/Versions/A/FaceCore
0x000000000d7cb000 	/System/Library/PrivateFrameworks/Ubiquity.framework/Versions/A/Ubiquity
0x000000000d7cb000 	/System/Library/PrivateFrameworks/IconServices.framework/Versions/A/IconServices
0x000000000d7cb000 	/System/Library/PrivateFrameworks/ChunkingLibrary.framework/Versions/A/ChunkingLibrary
0x000000000d7cb000 	/System/Library/PrivateFrameworks/Apple80211.framework/Versions/A/Apple80211
0x000000000d7cb000 	/System/Library/Frameworks/CoreWLAN.framework/Versions/A/CoreWLAN
0x000000000d7cb000 	/System/Library/Frameworks/IOBluetooth.framework/Versions/A/IOBluetooth
0x000000000d7cb000 	/System/Library/PrivateFrameworks/CoreWiFi.framework/Versions/A/CoreWiFi
0x000000000d7cb000 	/System/Library/Frameworks/CoreBluetooth.framework/Versions/A/CoreBluetooth
0x000000000d7cb000 	/System/Library/PrivateFrameworks/DebugSymbols.framework/Versions/A/DebugSymbols
0x000000000d7cb000 	/System/Library/PrivateFrameworks/CoreSymbolication.framework/Versions/A/CoreSymbolication
0x000000000d7cb000 	/System/Library/PrivateFrameworks/Symbolication.framework/Versions/A/Symbolication
0x000000000d7cb000 	/System/Library/PrivateFrameworks/SpeechRecognitionCore.framework/Versions/A/SpeechRecognitionCore
0x0000000102e10000 	/Library/Java/JavaVirtualMachines/jdk1.7.0_67.jdk/Contents/Home/jre/lib/server/libjvm.dylib
0x000000000d7cb000 	/usr/lib/libstdc++.6.dylib
0x0000000103972000 	/Library/Java/JavaVirtualMachines/jdk1.7.0_67.jdk/Contents/Home/jre/lib/libverify.dylib
0x000000010397f000 	/Library/Java/JavaVirtualMachines/jdk1.7.0_67.jdk/Contents/Home/jre/lib/libjava.dylib
0x00000001039d0000 	/Library/Java/JavaVirtualMachines/jdk1.7.0_67.jdk/Contents/Home/jre/lib/libzip.dylib
0x000000010a8a8000 	/System/Library/Frameworks/JavaVM.framework/Frameworks/JavaRuntimeSupport.framework/JavaRuntimeSupport
0x000000010a8be000 	/System/Library/Frameworks/JavaVM.framework/Versions/A/Frameworks/JavaNativeFoundation.framework/Versions/A/JavaNativeFoundation
0x00000001039f0000 	/System/Library/Frameworks/JavaVM.framework/Versions/A/JavaVM
0x000000000d7cb000 	/System/Library/Frameworks/Carbon.framework/Versions/A/Carbon
0x000000010a8d2000 	/System/Library/PrivateFrameworks/JavaLaunching.framework/Versions/A/JavaLaunching
0x000000000d7cb000 	/System/Library/Frameworks/Carbon.framework/Versions/A/Frameworks/CommonPanels.framework/Versions/A/CommonPanels
0x000000000d7cb000 	/System/Library/Frameworks/Carbon.framework/Versions/A/Frameworks/Help.framework/Versions/A/Help
0x000000000d7cb000 	/System/Library/Frameworks/Carbon.framework/Versions/A/Frameworks/ImageCapture.framework/Versions/A/ImageCapture
0x000000000d7cb000 	/System/Library/Frameworks/Carbon.framework/Versions/A/Frameworks/OpenScripting.framework/Versions/A/OpenScripting
0x000000000d7cb000 	/System/Library/Frameworks/Carbon.framework/Versions/A/Frameworks/Print.framework/Versions/A/Print
0x000000000d7cb000 	/System/Library/Frameworks/Carbon.framework/Versions/A/Frameworks/SecurityHI.framework/Versions/A/SecurityHI
0x000000010c59d000 	/Library/Java/JavaVirtualMachines/jdk1.7.0_67.jdk/Contents/Home/jre/lib/libawt.dylib
0x000000010c64c000 	/Library/Java/JavaVirtualMachines/jdk1.7.0_67.jdk/Contents/Home/jre/lib/./libmlib_image.dylib
0x000000010c718000 	/Library/Java/JavaVirtualMachines/jdk1.7.0_67.jdk/Contents/Home/jre/lib/lwawt/liblwawt.dylib
0x000000010c7cc000 	/Library/Java/JavaVirtualMachines/jdk1.7.0_67.jdk/Contents/Home/jre/lib/libosxapp.dylib
0x000000000d7cb000 	/System/Library/Frameworks/ExceptionHandling.framework/Versions/A/ExceptionHandling
0x000000000d7cb000 	/System/Library/PrivateFrameworks/CoreServicesInternal.framework/Versions/A/CoreServicesInternal
0x000000000d7cb000 	/System/Library/PrivateFrameworks/CloudDocs.framework/Versions/A/CloudDocs
0x000000000d7cb000 	/System/Library/PrivateFrameworks/CoreDuet.framework/Versions/A/CoreDuet
0x000000000d7cb000 	/System/Library/Frameworks/CloudKit.framework/Versions/A/CloudKit
0x000000000d7cb000 	/System/Library/PrivateFrameworks/ProtocolBuffer.framework/Versions/A/ProtocolBuffer
0x000000000d7cb000 	/System/Library/PrivateFrameworks/CoreDuetDaemonProtocol.framework/Versions/A/CoreDuetDaemonProtocol
0x000000000d7cb000 	/System/Library/PrivateFrameworks/CoreDuetDebugLogging.framework/Versions/A/CoreDuetDebugLogging
0x000000000d7cb000 	/System/Library/Frameworks/CoreLocation.framework/Versions/A/CoreLocation
0x000000000d7cb000 	/System/Library/Frameworks/Accounts.framework/Versions/A/Accounts
0x000000000d7cb000 	/System/Library/PrivateFrameworks/ApplePushService.framework/Versions/A/ApplePushService
0x000000000d7cb000 	/System/Library/PrivateFrameworks/GeoServices.framework/Versions/A/GeoServices
0x000000000d7cb000 	/System/Library/PrivateFrameworks/OAuth.framework/Versions/A/OAuth
0x000000000d7cb000 	/System/Library/PrivateFrameworks/CoreDaemon.framework/Versions/B/CoreDaemon
0x000000000d7cb000 	/usr/lib/libcrypto.0.9.8.dylib
0x000000000d7cb000 	/System/Library/PrivateFrameworks/AppleSRP.framework/Versions/A/AppleSRP
0x000000000d7cb000 	/System/Library/PrivateFrameworks/TrustEvaluationAgent.framework/Versions/A/TrustEvaluationAgent
0x000000000d7cb000 	/System/Library/Frameworks/CoreGraphics.framework/Versions/A/Resources/libCGCMS.A.dylib
0x000000000d7cb000 	/System/Library/Frameworks/CoreGraphics.framework/Versions/A/Resources/libRIP.A.dylib
0x000000000d7cb000 	/System/Library/Frameworks/CoreGraphics.framework/Versions/A/Resources/libCGXType.A.dylib
0x000000000d7cb000 	/System/Library/Frameworks/OpenCL.framework/Versions/A/Libraries/libcldcpuengine.dylib
0x000000000d7cb000 	/System/Library/PrivateFrameworks/DiskImages.framework/Versions/A/DiskImages
0x000000000d7cb000 	/System/Library/Frameworks/DiscRecording.framework/Versions/A/DiscRecording
0x000000000d7cb000 	/usr/lib/libcsfde.dylib
0x000000000d7cb000 	/usr/lib/libcurl.4.dylib
0x000000000d7cb000 	/System/Library/PrivateFrameworks/MediaKit.framework/Versions/A/MediaKit
0x000000000d7cb000 	/System/Library/PrivateFrameworks/ProtectedCloudStorage.framework/Versions/A/ProtectedCloudStorage
0x000000000d7cb000 	/usr/lib/libCoreStorage.dylib
0x000000000d7cb000 	/System/Library/PrivateFrameworks/EFILogin.framework/Versions/A/EFILogin
0x000000000d7cb000 	/usr/lib/libutil.dylib
0x000000000d7cb000 	/System/Library/PrivateFrameworks/FindMyDevice.framework/Versions/A/FindMyDevice
0x000000000d7cb000 	/System/Library/Frameworks/LDAP.framework/Versions/A/LDAP
0x000000000d7cb000 	/usr/lib/libsasl2.2.dylib
0x000000010f578000 	cl_kernels
0x000000010f57a000 	/System/Library/Frameworks/OpenCL.framework/Versions/A/Libraries/ImageFormats/unorm8_bgra.dylib
0x000000010f569000 	cl_kernels
0x000000000d7cb000 	/System/Library/PrivateFrameworks/FamilyControls.framework/Versions/A/FamilyControls
0x000000000d7cb000 	/System/Library/PrivateFrameworks/CommerceKit.framework/Versions/A/Frameworks/CommerceCore.framework/Versions/A/CommerceCore
0x000000000d7cb000 	/System/Library/PrivateFrameworks/SystemAdministration.framework/Versions/A/SystemAdministration
0x000000000d7cb000 	/System/Library/PrivateFrameworks/AppContainer.framework/Versions/A/AppContainer
0x000000000d7cb000 	/System/Library/PrivateFrameworks/SecCodeWrapper.framework/Versions/A/SecCodeWrapper
0x000000000d7cb000 	/System/Library/Frameworks/DirectoryService.framework/Versions/A/DirectoryService
0x000000000d7cb000 	/System/Library/PrivateFrameworks/LoginUIKit.framework/Versions/A/Frameworks/LoginUICore.framework/Versions/A/LoginUICore
0x000000000d7cb000 	/usr/lib/libodfde.dylib
0x00000001107c0000 	/Library/Java/JavaVirtualMachines/jdk1.7.0_67.jdk/Contents/Home/jre/lib/libfontmanager.dylib
0x0000000110827000 	/Users/raphaelsenand/NetBeansProjects/PacMiage2/lib/natives/liblwjgl.dylib
0x000000010eaba000 	/Library/Java/JavaVirtualMachines/jdk1.7.0_67.jdk/Contents/Home/jre/lib/libjawt.dylib
0x000000010eabd000 	/Library/Java/JavaVirtualMachines/jdk1.7.0_67.jdk/Contents/Home/jre/lib/libnio.dylib
0x00000001108a9000 	/Library/Java/JavaVirtualMachines/jdk1.7.0_67.jdk/Contents/Home/jre/lib/./libnet.dylib
0x000000000d7cb000 	/System/Library/Frameworks/OpenGL.framework/Versions/A/Resources/GLEngine.bundle/GLEngine
0x000000000d7cb000 	/System/Library/Frameworks/OpenGL.framework/Versions/A/Libraries/libGLProgrammability.dylib
0x0000000000000000 	/System/Library/Extensions/GeForceTeslaGLDriver.bundle/Contents/MacOS/GeForceTeslaGLDriver
0x0000000110906000 	/System/Library/Extensions/GeForceTeslaGLDriver.bundle/Contents/MacOS/libclh.dylib
0x000000011114d000 	/System/Library/PrivateFrameworks/GPUSupport.framework/Versions/A/Libraries/libGPUSupport.dylib
0x000000000d7cb000 	/System/Library/Frameworks/OpenGL.framework/Versions/A/Resources/GLRendererFloat.bundle/GLRendererFloat
0x00000001112b8000 	/Users/raphaelsenand/NetBeansProjects/PacMiage2/lib/natives/libjinput-osx.dylib
0x00000001119f3000 	/System/Library/Extensions/IOHIDFamily.kext/Contents/PlugIns/IOHIDLib.plugin/Contents/MacOS/IOHIDLib
0x00000001130c3000 	/Library/Java/JavaVirtualMachines/jdk1.7.0_67.jdk/Contents/Home/jre/lib/libjpeg.dylib
0x0000000112334000 	/Library/Java/JavaVirtualMachines/jdk1.7.0_67.jdk/Contents/Home/jre/lib/libkcms.dylib
0x000000010ddfd000 	/Users/raphaelsenand/NetBeansProjects/PacMiage2/lib/natives/openal.dylib
0x00000001130f0000 	/System/Library/Components/CoreAudio.component/Contents/MacOS/CoreAudio
0x000000010de81000 	/System/Library/Extensions/AppleHDA.kext/Contents/PlugIns/AppleHDAHALPlugIn.bundle/Contents/MacOS/AppleHDAHALPlugIn

VM Arguments:
jvm_args: -Dfile.encoding=UTF-8 -Djava.library.path=lib/natives 
java_command: pacmiage2.PacMiage2
Launcher Type: SUN_STANDARD

Environment Variables:
PATH=/usr/bin:/bin:/usr/sbin:/sbin
LD_LIBRARY_PATH=/Library/Java/JavaVirtualMachines/jdk1.7.0_67.jdk/Contents/Home/jre/lib/amd64:/Library/Java/JavaVirtualMachines/jdk1.7.0_67.jdk/Contents/Home/jre/lib/i386:
SHELL=/bin/bash
DYLD_LIBRARY_PATH=/Applications/NetBeans/NetBeans 8.0.app/Contents/Resources/NetBeans/webcommon/bin:

Signal Handlers:
SIGSEGV: [libjvm.dylib+0x52b6c9], sa_mask[0]=0xfffefeff, sa_flags=0x00000043
SIGBUS: [libjvm.dylib+0x52b6c9], sa_mask[0]=0xfffefeff, sa_flags=0x00000042
SIGFPE: [libjvm.dylib+0x41deaa], sa_mask[0]=0xfffefeff, sa_flags=0x00000042
SIGPIPE: [libjvm.dylib+0x41deaa], sa_mask[0]=0xfffefeff, sa_flags=0x00000042
SIGXFSZ: [libjvm.dylib+0x41deaa], sa_mask[0]=0xfffefeff, sa_flags=0x00000042
SIGILL: [libjvm.dylib+0x41deaa], sa_mask[0]=0xfffefeff, sa_flags=0x00000042
SIGUSR1: SIG_DFL, sa_mask[0]=0x00000000, sa_flags=0x00000000
SIGUSR2: [libjvm.dylib+0x41d99c], sa_mask[0]=0x00000004, sa_flags=0x00000042
SIGHUP: [libjvm.dylib+0x41bc2d], sa_mask[0]=0xfffefeff, sa_flags=0x00000042
SIGINT: SIG_IGN, sa_mask[0]=0x00000000, sa_flags=0x00000000
SIGTERM: [libjvm.dylib+0x41bc2d], sa_mask[0]=0xfffefeff, sa_flags=0x00000042
SIGQUIT: [libjvm.dylib+0x41bc2d], sa_mask[0]=0xfffefeff, sa_flags=0x00000042


---------------  S Y S T E M  ---------------

OS:Bsduname:Darwin 14.1.0 Darwin Kernel Version 14.1.0: Thu Feb 26 19:26:47 PST 2015; root:xnu-2782.10.73~1/RELEASE_X86_64 x86_64
rlimit: STACK 8192k, CORE 0k, NPROC 709, NOFILE 10240, AS infinity
load average:1.94 1.91 1.81

CPU:total 2 (2 cores per cpu, 1 threads per core) family 6 model 23 stepping 10, cmov, cx8, fxsr, mmx, sse, sse2, sse3, ssse3, sse4.1, tsc

Memory: 4k page, physical 4194304k(1048576k free)

/proc/meminfo:


vm_info: Java HotSpot(TM) 64-Bit Server VM (24.65-b04) for bsd-amd64 JRE (1.7.0_67-b01), built on Jul 25 2014 08:51:51 by "java_re" with gcc 4.2.1 (Based on Apple Inc. build 5658) (LLVM build 2336.11.00)

time: Mon May 18 15:06:37 2015
elapsed time: 209 seconds

